127.0.0.1 - - [30/Sep/2019:22:45:15 +0000] "GET /hydrants/all HTTP/1.1" 404 151 "-" "Mozilla/5.0 (Windows NT 10.0; Win64; x64) AppleWebKit/537.36 (KHTML, like Gecko) Chrome/77.0.3865.90 Safari/537.36"
127.0.0.1 - - [30/Sep/2019:22:45:15 +0000] "GET /favicon.ico HTTP/1.1" 404 150 "http://localhost:8081/hydrants/all" "Mozilla/5.0 (Windows NT 10.0; Win64; x64) AppleWebKit/537.36 (KHTML, like Gecko) Chrome/77.0.3865.90 Safari/537.36"
127.0.0.1 - - [30/Sep/2019:22:45:20 +0000] "GET /hydrant/all HTTP/1.1" 200 131303 "-" "Mozilla/5.0 (Windows NT 10.0; Win64; x64) AppleWebKit/537.36 (KHTML, like Gecko) Chrome/77.0.3865.90 Safari/537.36"
::1 - - [06/Mar/2020:17:28:27 +0000] "GET /docs HTTP/1.1" 301 175 "-" "Mozilla/5.0 (Windows NT 10.0; Win64; x64) AppleWebKit/537.36 (KHTML, like Gecko) Chrome/80.0.3987.132 Safari/537.36"
::1 - - [06/Mar/2020:17:28:27 +0000] "GET /docs/ HTTP/1.1" 200 - "-" "Mozilla/5.0 (Windows NT 10.0; Win64; x64) AppleWebKit/537.36 (KHTML, like Gecko) Chrome/80.0.3987.132 Safari/537.36"
::1 - - [06/Mar/2020:17:28:27 +0000] "GET /docs/swagger-ui-init.js HTTP/1.1" 200 - "http://localhost:8081/docs/" "Mozilla/5.0 (Windows NT 10.0; Win64; x64) AppleWebKit/537.36 (KHTML, like Gecko) Chrome/80.0.3987.132 Safari/537.36"
::1 - - [06/Mar/2020:17:28:27 +0000] "GET /docs/swagger-ui.css HTTP/1.1" 200 - "http://localhost:8081/docs/" "Mozilla/5.0 (Windows NT 10.0; Win64; x64) AppleWebKit/537.36 (KHTML, like Gecko) Chrome/80.0.3987.132 Safari/537.36"
::1 - - [06/Mar/2020:17:28:27 +0000] "GET /docs/swagger-ui-standalone-preset.js HTTP/1.1" 200 - "http://localhost:8081/docs/" "Mozilla/5.0 (Windows NT 10.0; Win64; x64) AppleWebKit/537.36 (KHTML, like Gecko) Chrome/80.0.3987.132 Safari/537.36"
::1 - - [06/Mar/2020:17:28:27 +0000] "GET /docs/swagger-ui-bundle.js HTTP/1.1" 200 - "http://localhost:8081/docs/" "Mozilla/5.0 (Windows NT 10.0; Win64; x64) AppleWebKit/537.36 (KHTML, like Gecko) Chrome/80.0.3987.132 Safari/537.36"
::1 - - [06/Mar/2020:17:28:27 +0000] "GET /docs/favicon-32x32.png HTTP/1.1" 200 628 "http://localhost:8081/docs/" "Mozilla/5.0 (Windows NT 10.0; Win64; x64) AppleWebKit/537.36 (KHTML, like Gecko) Chrome/80.0.3987.132 Safari/537.36"
::1 - - [06/Mar/2020:17:30:04 +0000] "GET /docs/ HTTP/1.1" 304 - "-" "Mozilla/5.0 (Windows NT 10.0; Win64; x64) AppleWebKit/537.36 (KHTML, like Gecko) Chrome/80.0.3987.132 Safari/537.36"
::1 - - [06/Mar/2020:17:30:04 +0000] "GET /docs/swagger-ui.css HTTP/1.1" 304 - "http://localhost:8081/docs/" "Mozilla/5.0 (Windows NT 10.0; Win64; x64) AppleWebKit/537.36 (KHTML, like Gecko) Chrome/80.0.3987.132 Safari/537.36"
::1 - - [06/Mar/2020:17:30:04 +0000] "GET /docs/swagger-ui-bundle.js HTTP/1.1" 304 - "http://localhost:8081/docs/" "Mozilla/5.0 (Windows NT 10.0; Win64; x64) AppleWebKit/537.36 (KHTML, like Gecko) Chrome/80.0.3987.132 Safari/537.36"
::1 - - [06/Mar/2020:17:30:04 +0000] "GET /docs/swagger-ui-standalone-preset.js HTTP/1.1" 304 - "http://localhost:8081/docs/" "Mozilla/5.0 (Windows NT 10.0; Win64; x64) AppleWebKit/537.36 (KHTML, like Gecko) Chrome/80.0.3987.132 Safari/537.36"
::1 - - [06/Mar/2020:17:30:04 +0000] "GET /docs/swagger-ui-init.js HTTP/1.1" 200 - "http://localhost:8081/docs/" "Mozilla/5.0 (Windows NT 10.0; Win64; x64) AppleWebKit/537.36 (KHTML, like Gecko) Chrome/80.0.3987.132 Safari/537.36"
::1 - - [06/Mar/2020:17:30:04 +0000] "GET /docs/favicon-32x32.png HTTP/1.1" 200 628 "http://localhost:8081/docs/" "Mozilla/5.0 (Windows NT 10.0; Win64; x64) AppleWebKit/537.36 (KHTML, like Gecko) Chrome/80.0.3987.132 Safari/537.36"
::1 - - [06/Mar/2020:17:31:16 +0000] "GET /docs/ HTTP/1.1" 304 - "-" "Mozilla/5.0 (Windows NT 10.0; Win64; x64) AppleWebKit/537.36 (KHTML, like Gecko) Chrome/80.0.3987.132 Safari/537.36"
::1 - - [06/Mar/2020:17:31:16 +0000] "GET /docs/swagger-ui.css HTTP/1.1" 304 - "http://localhost:8081/docs/" "Mozilla/5.0 (Windows NT 10.0; Win64; x64) AppleWebKit/537.36 (KHTML, like Gecko) Chrome/80.0.3987.132 Safari/537.36"
::1 - - [06/Mar/2020:17:31:16 +0000] "GET /docs/swagger-ui-bundle.js HTTP/1.1" 304 - "http://localhost:8081/docs/" "Mozilla/5.0 (Windows NT 10.0; Win64; x64) AppleWebKit/537.36 (KHTML, like Gecko) Chrome/80.0.3987.132 Safari/537.36"
::1 - - [06/Mar/2020:17:31:16 +0000] "GET /docs/swagger-ui-standalone-preset.js HTTP/1.1" 304 - "http://localhost:8081/docs/" "Mozilla/5.0 (Windows NT 10.0; Win64; x64) AppleWebKit/537.36 (KHTML, like Gecko) Chrome/80.0.3987.132 Safari/537.36"
::1 - - [06/Mar/2020:17:31:16 +0000] "GET /docs/swagger-ui-init.js HTTP/1.1" 200 - "http://localhost:8081/docs/" "Mozilla/5.0 (Windows NT 10.0; Win64; x64) AppleWebKit/537.36 (KHTML, like Gecko) Chrome/80.0.3987.132 Safari/537.36"
::1 - - [06/Mar/2020:17:31:16 +0000] "GET /docs/favicon-32x32.png HTTP/1.1" 200 628 "http://localhost:8081/docs/" "Mozilla/5.0 (Windows NT 10.0; Win64; x64) AppleWebKit/537.36 (KHTML, like Gecko) Chrome/80.0.3987.132 Safari/537.36"
::1 - - [06/Mar/2020:17:32:30 +0000] "GET /docs/ HTTP/1.1" 304 - "-" "Mozilla/5.0 (Windows NT 10.0; Win64; x64) AppleWebKit/537.36 (KHTML, like Gecko) Chrome/80.0.3987.132 Safari/537.36"
::1 - - [06/Mar/2020:17:32:30 +0000] "GET /docs/swagger-ui.css HTTP/1.1" 304 - "http://localhost:8081/docs/" "Mozilla/5.0 (Windows NT 10.0; Win64; x64) AppleWebKit/537.36 (KHTML, like Gecko) Chrome/80.0.3987.132 Safari/537.36"
::1 - - [06/Mar/2020:17:32:30 +0000] "GET /docs/swagger-ui-bundle.js HTTP/1.1" 304 - "http://localhost:8081/docs/" "Mozilla/5.0 (Windows NT 10.0; Win64; x64) AppleWebKit/537.36 (KHTML, like Gecko) Chrome/80.0.3987.132 Safari/537.36"
::1 - - [06/Mar/2020:17:32:30 +0000] "GET /docs/swagger-ui-standalone-preset.js HTTP/1.1" 304 - "http://localhost:8081/docs/" "Mozilla/5.0 (Windows NT 10.0; Win64; x64) AppleWebKit/537.36 (KHTML, like Gecko) Chrome/80.0.3987.132 Safari/537.36"
::1 - - [06/Mar/2020:17:32:30 +0000] "GET /docs/swagger-ui-init.js HTTP/1.1" 200 - "http://localhost:8081/docs/" "Mozilla/5.0 (Windows NT 10.0; Win64; x64) AppleWebKit/537.36 (KHTML, like Gecko) Chrome/80.0.3987.132 Safari/537.36"
::1 - - [06/Mar/2020:17:32:30 +0000] "GET /docs/favicon-32x32.png HTTP/1.1" 304 - "http://localhost:8081/docs/" "Mozilla/5.0 (Windows NT 10.0; Win64; x64) AppleWebKit/537.36 (KHTML, like Gecko) Chrome/80.0.3987.132 Safari/537.36"
::1 - - [06/Mar/2020:17:32:40 +0000] "GET /docs/ HTTP/1.1" 304 - "-" "Mozilla/5.0 (Windows NT 10.0; Win64; x64) AppleWebKit/537.36 (KHTML, like Gecko) Chrome/80.0.3987.132 Safari/537.36"
::1 - - [06/Mar/2020:17:32:40 +0000] "GET /docs/swagger-ui.css HTTP/1.1" 304 - "http://localhost:8081/docs/" "Mozilla/5.0 (Windows NT 10.0; Win64; x64) AppleWebKit/537.36 (KHTML, like Gecko) Chrome/80.0.3987.132 Safari/537.36"
::1 - - [06/Mar/2020:17:32:40 +0000] "GET /docs/swagger-ui-bundle.js HTTP/1.1" 304 - "http://localhost:8081/docs/" "Mozilla/5.0 (Windows NT 10.0; Win64; x64) AppleWebKit/537.36 (KHTML, like Gecko) Chrome/80.0.3987.132 Safari/537.36"
::1 - - [06/Mar/2020:17:32:40 +0000] "GET /docs/swagger-ui-standalone-preset.js HTTP/1.1" 304 - "http://localhost:8081/docs/" "Mozilla/5.0 (Windows NT 10.0; Win64; x64) AppleWebKit/537.36 (KHTML, like Gecko) Chrome/80.0.3987.132 Safari/537.36"
::1 - - [06/Mar/2020:17:32:40 +0000] "GET /docs/swagger-ui-init.js HTTP/1.1" 200 - "http://localhost:8081/docs/" "Mozilla/5.0 (Windows NT 10.0; Win64; x64) AppleWebKit/537.36 (KHTML, like Gecko) Chrome/80.0.3987.132 Safari/537.36"
::1 - - [06/Mar/2020:17:32:40 +0000] "GET /docs/favicon-32x32.png HTTP/1.1" 304 - "http://localhost:8081/docs/" "Mozilla/5.0 (Windows NT 10.0; Win64; x64) AppleWebKit/537.36 (KHTML, like Gecko) Chrome/80.0.3987.132 Safari/537.36"
::1 - - [06/Mar/2020:17:33:49 +0000] "GET /docs/ HTTP/1.1" 304 - "-" "Mozilla/5.0 (Windows NT 10.0; Win64; x64) AppleWebKit/537.36 (KHTML, like Gecko) Chrome/80.0.3987.132 Safari/537.36"
::1 - - [06/Mar/2020:17:33:49 +0000] "GET /docs/swagger-ui.css HTTP/1.1" 304 - "http://localhost:8081/docs/" "Mozilla/5.0 (Windows NT 10.0; Win64; x64) AppleWebKit/537.36 (KHTML, like Gecko) Chrome/80.0.3987.132 Safari/537.36"
::1 - - [06/Mar/2020:17:33:49 +0000] "GET /docs/swagger-ui-bundle.js HTTP/1.1" 304 - "http://localhost:8081/docs/" "Mozilla/5.0 (Windows NT 10.0; Win64; x64) AppleWebKit/537.36 (KHTML, like Gecko) Chrome/80.0.3987.132 Safari/537.36"
::1 - - [06/Mar/2020:17:33:49 +0000] "GET /docs/swagger-ui-standalone-preset.js HTTP/1.1" 304 - "http://localhost:8081/docs/" "Mozilla/5.0 (Windows NT 10.0; Win64; x64) AppleWebKit/537.36 (KHTML, like Gecko) Chrome/80.0.3987.132 Safari/537.36"
::1 - - [06/Mar/2020:17:33:49 +0000] "GET /docs/swagger-ui-init.js HTTP/1.1" 200 - "http://localhost:8081/docs/" "Mozilla/5.0 (Windows NT 10.0; Win64; x64) AppleWebKit/537.36 (KHTML, like Gecko) Chrome/80.0.3987.132 Safari/537.36"
::1 - - [06/Mar/2020:17:33:50 +0000] "GET /docs/favicon-32x32.png HTTP/1.1" 304 - "http://localhost:8081/docs/" "Mozilla/5.0 (Windows NT 10.0; Win64; x64) AppleWebKit/537.36 (KHTML, like Gecko) Chrome/80.0.3987.132 Safari/537.36"
::1 - - [06/Mar/2020:17:34:45 +0000] "GET /hydrant?latitude=50.143342&longitude=18.775472&range=5 HTTP/1.1" 500 40 "http://localhost:8081/docs/" "Mozilla/5.0 (Windows NT 10.0; Win64; x64) AppleWebKit/537.36 (KHTML, like Gecko) Chrome/80.0.3987.132 Safari/537.36"
::1 - - [06/Mar/2020:17:38:55 +0000] "GET /hydrant HTTP/1.1" 400 43 "-" "PostmanRuntime/7.22.0"
::1 - - [06/Mar/2020:17:39:45 +0000] "GET /hydrant?latutide=18.050505&longitude=50.505050 HTTP/1.1" 400 43 "-" "PostmanRuntime/7.22.0"
::1 - - [06/Mar/2020:17:40:37 +0000] "GET /hydrant?latutide=18.050505&longitude=50.505050 HTTP/1.1" - - "-" "PostmanRuntime/7.22.0"
::1 - - [06/Mar/2020:17:40:55 +0000] "GET /hydrant?latutide=18.050505&longitude=50.505050 HTTP/1.1" - - "-" "PostmanRuntime/7.22.0"
::1 - - [06/Mar/2020:17:41:53 +0000] "GET /hydrant?latitude=18.050505&longitude=50.505050 HTTP/1.1" - - "-" "PostmanRuntime/7.22.0"
::1 - - [06/Mar/2020:17:43:54 +0000] "GET /hydrant?latitude=18.050505&longitude=50.505050&range=1 HTTP/1.1" - - "-" "PostmanRuntime/7.22.0"
::1 - - [06/Mar/2020:17:44:24 +0000] "GET /hydrant?latitude=18.050505&longitude=50.505050&range=1 HTTP/1.1" - - "-" "PostmanRuntime/7.22.0"
::1 - - [06/Mar/2020:17:44:28 +0000] "GET /hydrant?latitude=18.050505&longitude=50.505050&range=asasasas HTTP/1.1" - - "-" "PostmanRuntime/7.22.0"
::1 - - [06/Mar/2020:17:44:33 +0000] "GET /hydrant?latitude=18.050505&longitude=50.505050&range=asasasas HTTP/1.1" - - "-" "PostmanRuntime/7.22.0"
::1 - - [06/Mar/2020:17:44:45 +0000] "GET /hydrant?latitude=18.050505&longitude=50.505050&range=asasasas HTTP/1.1" - - "-" "PostmanRuntime/7.22.0"
::1 - - [06/Mar/2020:17:45:19 +0000] "GET /hydrant?latitude=18.050505&longitude=50.505050&range=asasasas HTTP/1.1" - - "-" "PostmanRuntime/7.22.0"
::1 - - [06/Mar/2020:17:46:50 +0000] "GET /hydrant?latitude=18.050505&longitude=50.505050&range=asasasas HTTP/1.1" - - "-" "PostmanRuntime/7.22.0"
::1 - - [06/Mar/2020:17:46:53 +0000] "GET /hydrant?latitude=18.050505&longitude=50.505050&range=43 HTTP/1.1" - - "-" "PostmanRuntime/7.22.0"
::1 - - [06/Mar/2020:17:47:34 +0000] "GET /hydrant?latitude=18.050505&longitude=50.505050&range=43 HTTP/1.1" - - "-" "PostmanRuntime/7.22.0"
::1 - - [06/Mar/2020:17:47:42 +0000] "GET /hydrant?latitude=18.050505&longitude=50.505050&range=43.5 HTTP/1.1" - - "-" "PostmanRuntime/7.22.0"
::1 - - [06/Mar/2020:18:01:49 +0000] "GET /docs/ HTTP/1.1" 304 - "-" "Mozilla/5.0 (Windows NT 10.0; Win64; x64) AppleWebKit/537.36 (KHTML, like Gecko) Chrome/80.0.3987.132 Safari/537.36"
::1 - - [06/Mar/2020:18:01:49 +0000] "GET /docs/swagger-ui-init.js HTTP/1.1" 304 - "http://localhost:8081/docs/" "Mozilla/5.0 (Windows NT 10.0; Win64; x64) AppleWebKit/537.36 (KHTML, like Gecko) Chrome/80.0.3987.132 Safari/537.36"
::1 - - [06/Mar/2020:18:01:49 +0000] "GET /docs/swagger-ui.css HTTP/1.1" 304 - "http://localhost:8081/docs/" "Mozilla/5.0 (Windows NT 10.0; Win64; x64) AppleWebKit/537.36 (KHTML, like Gecko) Chrome/80.0.3987.132 Safari/537.36"
::1 - - [06/Mar/2020:18:01:49 +0000] "GET /docs/swagger-ui-bundle.js HTTP/1.1" 304 - "http://localhost:8081/docs/" "Mozilla/5.0 (Windows NT 10.0; Win64; x64) AppleWebKit/537.36 (KHTML, like Gecko) Chrome/80.0.3987.132 Safari/537.36"
::1 - - [06/Mar/2020:18:01:49 +0000] "GET /docs/swagger-ui-standalone-preset.js HTTP/1.1" 304 - "http://localhost:8081/docs/" "Mozilla/5.0 (Windows NT 10.0; Win64; x64) AppleWebKit/537.36 (KHTML, like Gecko) Chrome/80.0.3987.132 Safari/537.36"
::1 - - [06/Mar/2020:18:01:50 +0000] "GET /docs/favicon-32x32.png HTTP/1.1" 304 - "http://localhost:8081/docs/" "Mozilla/5.0 (Windows NT 10.0; Win64; x64) AppleWebKit/537.36 (KHTML, like Gecko) Chrome/80.0.3987.132 Safari/537.36"
::1 - - [06/Mar/2020:18:09:48 +0000] "POST /hydrant/?latitude=50.143316&longitude=18.775510 HTTP/1.1" - - "-" "PostmanRuntime/7.22.0"
::1 - - [06/Mar/2020:18:11:23 +0000] "POST /hydrant/?latitude=50.143316&longitude=18.775510 HTTP/1.1" 201 143 "-" "PostmanRuntime/7.22.0"
::1 - - [06/Mar/2020:18:11:48 +0000] "POST /hydrant/?latitude=50.143316&longitude=18.775510 HTTP/1.1" 201 143 "-" "PostmanRuntime/7.22.0"
::1 - - [06/Mar/2020:18:13:03 +0000] "POST /hydrant/?latitude=50.143316&longitude=18.775510 HTTP/1.1" 400 26 "-" "PostmanRuntime/7.22.0"
::1 - - [06/Mar/2020:18:13:21 +0000] "POST /hydrant/?latitude=50.143316&longitude=18.775510 HTTP/1.1" 400 26 "-" "PostmanRuntime/7.22.0"
::1 - - [06/Mar/2020:18:15:15 +0000] "POST /hydrant/?latitude=50.143316&longitude=18.775510 HTTP/1.1" 201 143 "-" "PostmanRuntime/7.22.0"
::1 - - [06/Mar/2020:18:15:23 +0000] "POST /hydrant/?latitude=50.143316&longitude=18.775510 HTTP/1.1" 400 26 "-" "PostmanRuntime/7.22.0"
::1 - - [06/Mar/2020:18:15:26 +0000] "POST /hydrant/?latitude=50.143316&longitude=18.775510 HTTP/1.1" 400 26 "-" "PostmanRuntime/7.22.0"
::1 - - [06/Mar/2020:18:15:27 +0000] "POST /hydrant/?latitude=50.143316&longitude=18.775510 HTTP/1.1" 400 26 "-" "PostmanRuntime/7.22.0"
::1 - - [06/Mar/2020:18:18:54 +0000] "POST /hydrant/?latitude=50.143316&longitude=18.775510 HTTP/1.1" 400 26 "-" "PostmanRuntime/7.22.0"
::ffff:127.0.0.1 - - [06/Mar/2020:18:19:16 +0000] "GET /hydrant/ HTTP/1.1" 400 43 "-" "PostmanRuntime/7.22.0"
::1 - - [06/Mar/2020:18:19:59 +0000] "GET /hydrant/ HTTP/1.1" 400 55 "-" "PostmanRuntime/7.22.0"
::1 - - [06/Mar/2020:18:21:27 +0000] "GET /hydrant/ HTTP/1.1" 400 55 "-" "PostmanRuntime/7.22.0"
::1 - - [06/Mar/2020:18:21:46 +0000] "GET /hydrant/ HTTP/1.1" 400 55 "-" "PostmanRuntime/7.22.0"
::1 - - [06/Mar/2020:18:22:34 +0000] "GET /hydrant/ HTTP/1.1" 400 55 "-" "PostmanRuntime/7.22.0"
::1 - - [06/Mar/2020:18:22:38 +0000] "POST /hydrant/?latitude=50.143316&longitude=18.775510 HTTP/1.1" 400 26 "-" "PostmanRuntime/7.22.0"
::1 - - [06/Mar/2020:18:22:44 +0000] "POST /hydrant/?latitude=50.113316&longitude=18.775510 HTTP/1.1" 400 26 "-" "PostmanRuntime/7.22.0"
::1 - - [06/Mar/2020:18:22:48 +0000] "POST /hydrant/?latitude=50.313316&longitude=18.775510 HTTP/1.1" 400 26 "-" "PostmanRuntime/7.22.0"
::1 - - [06/Mar/2020:18:22:51 +0000] "POST /hydrant/?latitude=50.413316&longitude=18.775510 HTTP/1.1" 400 26 "-" "PostmanRuntime/7.22.0"
::1 - - [06/Mar/2020:18:22:55 +0000] "POST /hydrant/?latitude=50.513316&longitude=18.775510 HTTP/1.1" 400 26 "-" "PostmanRuntime/7.22.0"
::1 - - [06/Mar/2020:18:23:45 +0000] "POST /hydrant/?latitude=50.513316&longitude=18.775510 HTTP/1.1" 400 26 "-" "PostmanRuntime/7.22.0"
::1 - - [06/Mar/2020:18:27:28 +0000] "POST /hydrant/?latitude=50.513316&longitude=18.775510 HTTP/1.1" 400 26 "-" "PostmanRuntime/7.22.0"
::1 - - [06/Mar/2020:18:27:41 +0000] "POST /hydrant/?latitude=51.513316&longitude=18.775510 HTTP/1.1" 400 26 "-" "PostmanRuntime/7.22.0"
::1 - - [06/Mar/2020:18:28:12 +0000] "POST /hydrant/?latitude=51.513316&longitude=18.775510 HTTP/1.1" 400 26 "-" "PostmanRuntime/7.22.0"
::1 - - [06/Mar/2020:18:29:24 +0000] "POST /hydrant/?latitude=11.513316&longitude=18.775510 HTTP/1.1" 400 26 "-" "PostmanRuntime/7.22.0"
::1 - - [06/Mar/2020:18:30:37 +0000] "POST /hydrant/?latitude=51.513316&longitude=18.775510 HTTP/1.1" 201 143 "-" "PostmanRuntime/7.22.0"
::1 - - [06/Mar/2020:18:30:42 +0000] "POST /hydrant/?latitude=51.513316&longitude=18.775510 HTTP/1.1" 201 143 "-" "PostmanRuntime/7.22.0"
::1 - - [06/Mar/2020:18:30:49 +0000] "POST /hydrant/?latitude=51.513316&longitude=18.775510 HTTP/1.1" 201 143 "-" "PostmanRuntime/7.22.0"
::1 - - [06/Mar/2020:18:32:58 +0000] "POST /hydrant/?latitude=51.513316&longitude=18.775510 HTTP/1.1" 201 142 "-" "PostmanRuntime/7.22.0"
::1 - - [06/Mar/2020:18:37:14 +0000] "POST /hydrant/?latitude=51.513316&longitude=18.775510 HTTP/1.1" 201 142 "-" "PostmanRuntime/7.22.0"
::1 - - [06/Mar/2020:18:39:41 +0000] "POST /hydrant/?latitude=51.513316&longitude=18.775510 HTTP/1.1" 201 142 "-" "PostmanRuntime/7.22.0"
::1 - - [06/Mar/2020:18:40:44 +0000] "POST /hydrant/?latitude=51.513316&longitude=18.775510 HTTP/1.1" 201 142 "-" "PostmanRuntime/7.22.0"
::1 - - [06/Mar/2020:18:42:22 +0000] "POST /hydrant/?latitude=51.513316&longitude=18.775510 HTTP/1.1" 400 26 "-" "PostmanRuntime/7.22.0"
::1 - - [06/Mar/2020:18:43:15 +0000] "POST /hydrant/?latitude=51.513316&longitude=18.775510 HTTP/1.1" 201 142 "-" "PostmanRuntime/7.22.0"
::1 - - [06/Mar/2020:18:44:26 +0000] "POST /hydrant/?latitude=51.513316&longitude=18.775510 HTTP/1.1" 201 142 "-" "PostmanRuntime/7.22.0"
::1 - - [06/Mar/2020:18:45:55 +0000] "POST /hydrant/?latitude=51.513316&longitude=18.775510 HTTP/1.1" 201 142 "-" "PostmanRuntime/7.22.0"
::1 - - [06/Mar/2020:18:47:47 +0000] "POST /hydrant/?latitude=51.513316&longitude=18.775510 HTTP/1.1" 201 142 "-" "PostmanRuntime/7.22.0"
::1 - - [06/Mar/2020:18:48:00 +0000] "POST /hydrant/?latitude=51.513316&longitude=18.775510 HTTP/1.1" 400 26 "-" "PostmanRuntime/7.22.0"
::1 - - [06/Mar/2020:18:48:15 +0000] "POST /hydrant/?latitude=51.515316&longitude=18.775510 HTTP/1.1" 201 142 "-" "PostmanRuntime/7.22.0"
::1 - - [06/Mar/2020:18:48:26 +0000] "POST /hydrant/?latitude=51.515416&longitude=18.775510 HTTP/1.1" 400 26 "-" "PostmanRuntime/7.22.0"
::1 - - [06/Mar/2020:18:53:29 +0000] "POST /hydrant/?latitude=51.515416&longitude=18.775510 HTTP/1.1" 400 26 "-" "PostmanRuntime/7.22.0"
::1 - - [06/Mar/2020:18:54:54 +0000] "POST /hydrant/?latitude=51.515416&longitude=18.775510 HTTP/1.1" 400 26 "-" "PostmanRuntime/7.22.0"
::1 - - [06/Mar/2020:18:55:00 +0000] "POST /hydrant/?latitude=51.515416&longitude=18.775110 HTTP/1.1" 201 228 "-" "PostmanRuntime/7.22.0"
::1 - - [06/Mar/2020:18:55:14 +0000] "POST /hydrant/?latitude=51.515416&longitude=18.775110 HTTP/1.1" 400 26 "-" "PostmanRuntime/7.22.0"
::1 - - [06/Mar/2020:18:58:39 +0000] "POST /hydrant/?latitude=51.515416&longitude=18.775110 HTTP/1.1" 400 40 "-" "PostmanRuntime/7.22.0"
::1 - - [06/Mar/2020:19:06:35 +0000] "POST /hydrant/?latitude=51.515416&longitude=18.775110 HTTP/1.1" 400 40 "-" "PostmanRuntime/7.22.0"
::1 - - [06/Mar/2020:19:06:39 +0000] "POST /hydrant/?latitude=51.115416&longitude=18.775110 HTTP/1.1" 500 37 "-" "PostmanRuntime/7.22.0"
::1 - - [06/Mar/2020:19:08:02 +0000] "POST /hydrant/?latitude=51.115416&longitude=18.775110 HTTP/1.1" 201 228 "-" "PostmanRuntime/7.22.0"
::ffff:127.0.0.1 - - [06/Mar/2020:19:08:18 +0000] "POST /hydrant/?latitude=51.115416&longitude=18.775110 HTTP/1.1" 400 40 "-" "PostmanRuntime/7.22.0"
::1 - - [06/Mar/2020:19:08:24 +0000] "POST /hydrant/?latitude=51.135416&longitude=18.775110 HTTP/1.1" 201 228 "-" "PostmanRuntime/7.22.0"
::1 - - [06/Mar/2020:19:10:53 +0000] "POST /hydrant/?latitude=50.144569&longitude=18.776310 HTTP/1.1" 201 142 "-" "PostmanRuntime/7.22.0"
::1 - - [06/Mar/2020:19:11:28 +0000] "POST /hydrant/?latitude=50.144569&longitude=18.776310 HTTP/1.1" 201 142 "-" "PostmanRuntime/7.22.0"
::1 - - [06/Mar/2020:19:11:47 +0000] "POST /hydrant/?latitude=50.144569&longitude=18.776310 HTTP/1.1" 201 142 "-" "PostmanRuntime/7.22.0"
::1 - - [06/Mar/2020:19:12:06 +0000] "POST /hydrant/?latitude=50.144569&longitude=18.776310 HTTP/1.1" 201 142 "-" "PostmanRuntime/7.22.0"
::1 - - [06/Mar/2020:19:12:33 +0000] "POST /hydrant/?latitude=50.144569&longitude=18.776310 HTTP/1.1" 201 142 "-" "PostmanRuntime/7.22.0"
::ffff:127.0.0.1 - - [06/Mar/2020:19:13:20 +0000] "POST /hydrant/?latitude=50.144569&longitude=18.776310 HTTP/1.1" 201 142 "-" "PostmanRuntime/7.22.0"
::1 - - [06/Mar/2020:19:13:46 +0000] "POST /hydrant/?latitude=50.144569&longitude=18.776310 HTTP/1.1" 201 142 "-" "PostmanRuntime/7.22.0"
::1 - - [06/Mar/2020:19:15:41 +0000] "POST /hydrant/?latitude=50.144569&longitude=18.776310 HTTP/1.1" 201 633 "-" "PostmanRuntime/7.22.0"
::1 - - [06/Mar/2020:19:16:00 +0000] "POST /hydrant/?latitude=50.144569&longitude=18.776310 HTTP/1.1" 400 40 "-" "PostmanRuntime/7.22.0"
::1 - - [06/Mar/2020:19:16:48 +0000] "POST /hydrant/?latitude=50.144569&longitude=18.776310 HTTP/1.1" 400 40 "-" "PostmanRuntime/7.22.0"
::1 - - [06/Mar/2020:19:17:34 +0000] "POST /hydrant/?latitude=50.142101&longitude=18.775974 HTTP/1.1" 201 628 "-" "PostmanRuntime/7.22.0"
::1 - - [06/Mar/2020:19:17:41 +0000] "POST /hydrant/?latitude=50.142101&longitude=18.775974 HTTP/1.1" 400 40 "-" "PostmanRuntime/7.22.0"
::1 - - [06/Mar/2020:19:18:04 +0000] "GET /docs/ HTTP/1.1" 304 - "-" "Mozilla/5.0 (Windows NT 10.0; Win64; x64) AppleWebKit/537.36 (KHTML, like Gecko) Chrome/80.0.3987.132 Safari/537.36"
::1 - - [06/Mar/2020:19:18:04 +0000] "GET /docs/swagger-ui.css HTTP/1.1" 304 - "http://localhost:8081/docs/" "Mozilla/5.0 (Windows NT 10.0; Win64; x64) AppleWebKit/537.36 (KHTML, like Gecko) Chrome/80.0.3987.132 Safari/537.36"
::1 - - [06/Mar/2020:19:18:04 +0000] "GET /docs/swagger-ui-bundle.js HTTP/1.1" 304 - "http://localhost:8081/docs/" "Mozilla/5.0 (Windows NT 10.0; Win64; x64) AppleWebKit/537.36 (KHTML, like Gecko) Chrome/80.0.3987.132 Safari/537.36"
::1 - - [06/Mar/2020:19:18:04 +0000] "GET /docs/swagger-ui-init.js HTTP/1.1" 304 - "http://localhost:8081/docs/" "Mozilla/5.0 (Windows NT 10.0; Win64; x64) AppleWebKit/537.36 (KHTML, like Gecko) Chrome/80.0.3987.132 Safari/537.36"
::1 - - [06/Mar/2020:19:18:04 +0000] "GET /docs/swagger-ui-standalone-preset.js HTTP/1.1" 304 - "http://localhost:8081/docs/" "Mozilla/5.0 (Windows NT 10.0; Win64; x64) AppleWebKit/537.36 (KHTML, like Gecko) Chrome/80.0.3987.132 Safari/537.36"
::1 - - [06/Mar/2020:19:18:05 +0000] "GET /docs/favicon-32x32.png HTTP/1.1" 304 - "http://localhost:8081/docs/" "Mozilla/5.0 (Windows NT 10.0; Win64; x64) AppleWebKit/537.36 (KHTML, like Gecko) Chrome/80.0.3987.132 Safari/537.36"
::1 - - [06/Mar/2020:19:25:30 +0000] "GET /hydrant?latitude=50.143342&longitude=18.775472&range=0.005 HTTP/1.1" 200 - "http://localhost:8081/docs/" "Mozilla/5.0 (Windows NT 10.0; Win64; x64) AppleWebKit/537.36 (KHTML, like Gecko) Chrome/80.0.3987.132 Safari/537.36"
::1 - - [06/Mar/2020:19:26:12 +0000] "GET /hydrant?latitude=50.143342&longitude=18.775472&range=0.005 HTTP/1.1" 200 - "http://localhost:8081/docs/" "Mozilla/5.0 (Windows NT 10.0; Win64; x64) AppleWebKit/537.36 (KHTML, like Gecko) Chrome/80.0.3987.132 Safari/537.36"
::1 - - [06/Mar/2020:19:26:51 +0000] "GET /docs/ HTTP/1.1" 304 - "-" "Mozilla/5.0 (Windows NT 10.0; Win64; x64) AppleWebKit/537.36 (KHTML, like Gecko) Chrome/80.0.3987.132 Safari/537.36"
::1 - - [06/Mar/2020:19:26:51 +0000] "GET /docs/swagger-ui.css HTTP/1.1" 304 - "http://localhost:8081/docs/" "Mozilla/5.0 (Windows NT 10.0; Win64; x64) AppleWebKit/537.36 (KHTML, like Gecko) Chrome/80.0.3987.132 Safari/537.36"
::1 - - [06/Mar/2020:19:26:51 +0000] "GET /docs/swagger-ui-bundle.js HTTP/1.1" 304 - "http://localhost:8081/docs/" "Mozilla/5.0 (Windows NT 10.0; Win64; x64) AppleWebKit/537.36 (KHTML, like Gecko) Chrome/80.0.3987.132 Safari/537.36"
::1 - - [06/Mar/2020:19:26:51 +0000] "GET /docs/swagger-ui-standalone-preset.js HTTP/1.1" 304 - "http://localhost:8081/docs/" "Mozilla/5.0 (Windows NT 10.0; Win64; x64) AppleWebKit/537.36 (KHTML, like Gecko) Chrome/80.0.3987.132 Safari/537.36"
::1 - - [06/Mar/2020:19:26:51 +0000] "GET /docs/swagger-ui-init.js HTTP/1.1" 200 - "http://localhost:8081/docs/" "Mozilla/5.0 (Windows NT 10.0; Win64; x64) AppleWebKit/537.36 (KHTML, like Gecko) Chrome/80.0.3987.132 Safari/537.36"
::1 - - [06/Mar/2020:19:26:51 +0000] "GET /docs/favicon-32x32.png HTTP/1.1" 304 - "http://localhost:8081/docs/" "Mozilla/5.0 (Windows NT 10.0; Win64; x64) AppleWebKit/537.36 (KHTML, like Gecko) Chrome/80.0.3987.132 Safari/537.36"
::1 - - [06/Mar/2020:19:31:02 +0000] "GET /docs/ HTTP/1.1" 304 - "-" "Mozilla/5.0 (Windows NT 10.0; Win64; x64) AppleWebKit/537.36 (KHTML, like Gecko) Chrome/80.0.3987.132 Safari/537.36"
::1 - - [06/Mar/2020:19:31:02 +0000] "GET /docs/swagger-ui.css HTTP/1.1" 304 - "http://localhost:8081/docs/" "Mozilla/5.0 (Windows NT 10.0; Win64; x64) AppleWebKit/537.36 (KHTML, like Gecko) Chrome/80.0.3987.132 Safari/537.36"
::1 - - [06/Mar/2020:19:31:02 +0000] "GET /docs/swagger-ui-bundle.js HTTP/1.1" 304 - "http://localhost:8081/docs/" "Mozilla/5.0 (Windows NT 10.0; Win64; x64) AppleWebKit/537.36 (KHTML, like Gecko) Chrome/80.0.3987.132 Safari/537.36"
::1 - - [06/Mar/2020:19:31:02 +0000] "GET /docs/swagger-ui-standalone-preset.js HTTP/1.1" 304 - "http://localhost:8081/docs/" "Mozilla/5.0 (Windows NT 10.0; Win64; x64) AppleWebKit/537.36 (KHTML, like Gecko) Chrome/80.0.3987.132 Safari/537.36"
::1 - - [06/Mar/2020:19:31:02 +0000] "GET /docs/swagger-ui-init.js HTTP/1.1" 200 - "http://localhost:8081/docs/" "Mozilla/5.0 (Windows NT 10.0; Win64; x64) AppleWebKit/537.36 (KHTML, like Gecko) Chrome/80.0.3987.132 Safari/537.36"
::1 - - [06/Mar/2020:19:31:02 +0000] "GET /docs/favicon-32x32.png HTTP/1.1" 304 - "http://localhost:8081/docs/" "Mozilla/5.0 (Windows NT 10.0; Win64; x64) AppleWebKit/537.36 (KHTML, like Gecko) Chrome/80.0.3987.132 Safari/537.36"
::1 - - [06/Mar/2020:19:31:12 +0000] "GET /hydrant?latitude=50.143342&longitude=18.775472&range=100 HTTP/1.1" 200 - "http://localhost:8081/docs/" "Mozilla/5.0 (Windows NT 10.0; Win64; x64) AppleWebKit/537.36 (KHTML, like Gecko) Chrome/80.0.3987.132 Safari/537.36"
::1 - - [06/Mar/2020:19:31:38 +0000] "GET /hydrant?latitude=50.143342&longitude=18.775472&range=100 HTTP/1.1" 200 72 "http://localhost:8081/docs/" "Mozilla/5.0 (Windows NT 10.0; Win64; x64) AppleWebKit/537.36 (KHTML, like Gecko) Chrome/80.0.3987.132 Safari/537.36"
::1 - - [06/Mar/2020:19:31:45 +0000] "GET /hydrant?latitude=50.143342&longitude=18.775472&range=120 HTTP/1.1" 200 72 "http://localhost:8081/docs/" "Mozilla/5.0 (Windows NT 10.0; Win64; x64) AppleWebKit/537.36 (KHTML, like Gecko) Chrome/80.0.3987.132 Safari/537.36"
::1 - - [06/Mar/2020:19:31:51 +0000] "GET /hydrant?latitude=50.143342&longitude=18.775472&range=150 HTTP/1.1" 200 - "http://localhost:8081/docs/" "Mozilla/5.0 (Windows NT 10.0; Win64; x64) AppleWebKit/537.36 (KHTML, like Gecko) Chrome/80.0.3987.132 Safari/537.36"
::1 - - [06/Mar/2020:19:33:01 +0000] "GET /hydrant?latitude=50.143342&longitude=18.775472&range=150 HTTP/1.1" 200 - "http://localhost:8081/docs/" "Mozilla/5.0 (Windows NT 10.0; Win64; x64) AppleWebKit/537.36 (KHTML, like Gecko) Chrome/80.0.3987.132 Safari/537.36"
::1 - - [06/Mar/2020:19:33:04 +0000] "GET /hydrant?latitude=50.143342&longitude=18.775472&range=120 HTTP/1.1" 400 - "http://localhost:8081/docs/" "Mozilla/5.0 (Windows NT 10.0; Win64; x64) AppleWebKit/537.36 (KHTML, like Gecko) Chrome/80.0.3987.132 Safari/537.36"
::1 - - [06/Mar/2020:19:33:24 +0000] "GET /hydrant?latitude=50.143342&longitude=18.775472&range=120 HTTP/1.1" 400 - "http://localhost:8081/docs/" "Mozilla/5.0 (Windows NT 10.0; Win64; x64) AppleWebKit/537.36 (KHTML, like Gecko) Chrome/80.0.3987.132 Safari/537.36"
::1 - - [06/Mar/2020:19:34:14 +0000] "GET /hydrant?latitude=50.143342&longitude=18.775472&range=120 HTTP/1.1" 400 72 "http://localhost:8081/docs/" "Mozilla/5.0 (Windows NT 10.0; Win64; x64) AppleWebKit/537.36 (KHTML, like Gecko) Chrome/80.0.3987.132 Safari/537.36"
::1 - - [06/Mar/2020:19:34:28 +0000] "GET /hydrant?latitude=50.143342&longitude=18.775472&range=120 HTTP/1.1" 404 72 "http://localhost:8081/docs/" "Mozilla/5.0 (Windows NT 10.0; Win64; x64) AppleWebKit/537.36 (KHTML, like Gecko) Chrome/80.0.3987.132 Safari/537.36"
::1 - - [06/Mar/2020:19:34:34 +0000] "GET /hydrant?latitude=50.143342&longitude=18.775472&range=140 HTTP/1.1" 404 72 "http://localhost:8081/docs/" "Mozilla/5.0 (Windows NT 10.0; Win64; x64) AppleWebKit/537.36 (KHTML, like Gecko) Chrome/80.0.3987.132 Safari/537.36"
::1 - - [06/Mar/2020:19:34:40 +0000] "GET /hydrant?latitude=50.143342&longitude=18.775472&range=150 HTTP/1.1" 304 - "http://localhost:8081/docs/" "Mozilla/5.0 (Windows NT 10.0; Win64; x64) AppleWebKit/537.36 (KHTML, like Gecko) Chrome/80.0.3987.132 Safari/537.36"
::1 - - [06/Mar/2020:19:42:08 +0000] "GET /docs/ HTTP/1.1" 304 - "-" "Mozilla/5.0 (Windows NT 10.0; Win64; x64) AppleWebKit/537.36 (KHTML, like Gecko) Chrome/80.0.3987.132 Safari/537.36"
::1 - - [06/Mar/2020:19:42:08 +0000] "GET /docs/swagger-ui.css HTTP/1.1" 304 - "http://localhost:8081/docs/" "Mozilla/5.0 (Windows NT 10.0; Win64; x64) AppleWebKit/537.36 (KHTML, like Gecko) Chrome/80.0.3987.132 Safari/537.36"
::1 - - [06/Mar/2020:19:42:08 +0000] "GET /docs/swagger-ui-bundle.js HTTP/1.1" 304 - "http://localhost:8081/docs/" "Mozilla/5.0 (Windows NT 10.0; Win64; x64) AppleWebKit/537.36 (KHTML, like Gecko) Chrome/80.0.3987.132 Safari/537.36"
::1 - - [06/Mar/2020:19:42:08 +0000] "GET /docs/swagger-ui-standalone-preset.js HTTP/1.1" 304 - "http://localhost:8081/docs/" "Mozilla/5.0 (Windows NT 10.0; Win64; x64) AppleWebKit/537.36 (KHTML, like Gecko) Chrome/80.0.3987.132 Safari/537.36"
::1 - - [06/Mar/2020:19:42:08 +0000] "GET /docs/swagger-ui-init.js HTTP/1.1" 200 - "http://localhost:8081/docs/" "Mozilla/5.0 (Windows NT 10.0; Win64; x64) AppleWebKit/537.36 (KHTML, like Gecko) Chrome/80.0.3987.132 Safari/537.36"
::1 - - [06/Mar/2020:19:42:08 +0000] "GET /docs/favicon-32x32.png HTTP/1.1" 304 - "http://localhost:8081/docs/" "Mozilla/5.0 (Windows NT 10.0; Win64; x64) AppleWebKit/537.36 (KHTML, like Gecko) Chrome/80.0.3987.132 Safari/537.36"
::1 - - [06/Mar/2020:19:42:48 +0000] "GET /docs/ HTTP/1.1" 304 - "-" "Mozilla/5.0 (Windows NT 10.0; Win64; x64) AppleWebKit/537.36 (KHTML, like Gecko) Chrome/80.0.3987.132 Safari/537.36"
::1 - - [06/Mar/2020:19:42:48 +0000] "GET /docs/swagger-ui.css HTTP/1.1" 304 - "http://localhost:8081/docs/" "Mozilla/5.0 (Windows NT 10.0; Win64; x64) AppleWebKit/537.36 (KHTML, like Gecko) Chrome/80.0.3987.132 Safari/537.36"
::1 - - [06/Mar/2020:19:42:48 +0000] "GET /docs/swagger-ui-bundle.js HTTP/1.1" 304 - "http://localhost:8081/docs/" "Mozilla/5.0 (Windows NT 10.0; Win64; x64) AppleWebKit/537.36 (KHTML, like Gecko) Chrome/80.0.3987.132 Safari/537.36"
::1 - - [06/Mar/2020:19:42:48 +0000] "GET /docs/swagger-ui-standalone-preset.js HTTP/1.1" 304 - "http://localhost:8081/docs/" "Mozilla/5.0 (Windows NT 10.0; Win64; x64) AppleWebKit/537.36 (KHTML, like Gecko) Chrome/80.0.3987.132 Safari/537.36"
::1 - - [06/Mar/2020:19:42:48 +0000] "GET /docs/swagger-ui-init.js HTTP/1.1" 200 - "http://localhost:8081/docs/" "Mozilla/5.0 (Windows NT 10.0; Win64; x64) AppleWebKit/537.36 (KHTML, like Gecko) Chrome/80.0.3987.132 Safari/537.36"
::1 - - [06/Mar/2020:19:42:49 +0000] "GET /docs/favicon-32x32.png HTTP/1.1" 304 - "http://localhost:8081/docs/" "Mozilla/5.0 (Windows NT 10.0; Win64; x64) AppleWebKit/537.36 (KHTML, like Gecko) Chrome/80.0.3987.132 Safari/537.36"
::1 - - [06/Mar/2020:19:49:04 +0000] "POST /hydrant/ HTTP/1.1" 400 55 "-" "PostmanRuntime/7.22.0"
::1 - - [06/Mar/2020:19:49:16 +0000] "POST /hydrant/ HTTP/1.1" 201 622 "-" "PostmanRuntime/7.22.0"
::1 - - [06/Mar/2020:19:50:58 +0000] "GET /docs/ HTTP/1.1" 304 - "-" "Mozilla/5.0 (Windows NT 10.0; Win64; x64) AppleWebKit/537.36 (KHTML, like Gecko) Chrome/80.0.3987.132 Safari/537.36"
::1 - - [06/Mar/2020:19:50:58 +0000] "GET /docs/swagger-ui.css HTTP/1.1" 304 - "http://localhost:8081/docs/" "Mozilla/5.0 (Windows NT 10.0; Win64; x64) AppleWebKit/537.36 (KHTML, like Gecko) Chrome/80.0.3987.132 Safari/537.36"
::1 - - [06/Mar/2020:19:50:58 +0000] "GET /docs/swagger-ui-bundle.js HTTP/1.1" 304 - "http://localhost:8081/docs/" "Mozilla/5.0 (Windows NT 10.0; Win64; x64) AppleWebKit/537.36 (KHTML, like Gecko) Chrome/80.0.3987.132 Safari/537.36"
::1 - - [06/Mar/2020:19:50:58 +0000] "GET /docs/swagger-ui-standalone-preset.js HTTP/1.1" 304 - "http://localhost:8081/docs/" "Mozilla/5.0 (Windows NT 10.0; Win64; x64) AppleWebKit/537.36 (KHTML, like Gecko) Chrome/80.0.3987.132 Safari/537.36"
::1 - - [06/Mar/2020:19:50:58 +0000] "GET /docs/swagger-ui-init.js HTTP/1.1" 200 - "http://localhost:8081/docs/" "Mozilla/5.0 (Windows NT 10.0; Win64; x64) AppleWebKit/537.36 (KHTML, like Gecko) Chrome/80.0.3987.132 Safari/537.36"
::1 - - [06/Mar/2020:19:50:58 +0000] "GET /docs/favicon-32x32.png HTTP/1.1" 304 - "http://localhost:8081/docs/" "Mozilla/5.0 (Windows NT 10.0; Win64; x64) AppleWebKit/537.36 (KHTML, like Gecko) Chrome/80.0.3987.132 Safari/537.36"
::1 - - [06/Mar/2020:19:51:52 +0000] "GET /docs/ HTTP/1.1" 304 - "-" "Mozilla/5.0 (Windows NT 10.0; Win64; x64) AppleWebKit/537.36 (KHTML, like Gecko) Chrome/80.0.3987.132 Safari/537.36"
::1 - - [06/Mar/2020:19:51:52 +0000] "GET /docs/swagger-ui.css HTTP/1.1" 304 - "http://localhost:8081/docs/" "Mozilla/5.0 (Windows NT 10.0; Win64; x64) AppleWebKit/537.36 (KHTML, like Gecko) Chrome/80.0.3987.132 Safari/537.36"
::1 - - [06/Mar/2020:19:51:52 +0000] "GET /docs/swagger-ui-bundle.js HTTP/1.1" 304 - "http://localhost:8081/docs/" "Mozilla/5.0 (Windows NT 10.0; Win64; x64) AppleWebKit/537.36 (KHTML, like Gecko) Chrome/80.0.3987.132 Safari/537.36"
::1 - - [06/Mar/2020:19:51:52 +0000] "GET /docs/swagger-ui-standalone-preset.js HTTP/1.1" 304 - "http://localhost:8081/docs/" "Mozilla/5.0 (Windows NT 10.0; Win64; x64) AppleWebKit/537.36 (KHTML, like Gecko) Chrome/80.0.3987.132 Safari/537.36"
::1 - - [06/Mar/2020:19:51:52 +0000] "GET /docs/swagger-ui-init.js HTTP/1.1" 200 - "http://localhost:8081/docs/" "Mozilla/5.0 (Windows NT 10.0; Win64; x64) AppleWebKit/537.36 (KHTML, like Gecko) Chrome/80.0.3987.132 Safari/537.36"
::1 - - [06/Mar/2020:19:51:53 +0000] "GET /docs/favicon-32x32.png HTTP/1.1" 304 - "http://localhost:8081/docs/" "Mozilla/5.0 (Windows NT 10.0; Win64; x64) AppleWebKit/537.36 (KHTML, like Gecko) Chrome/80.0.3987.132 Safari/537.36"
::1 - - [06/Mar/2020:19:52:56 +0000] "GET /docs/ HTTP/1.1" 200 - "-" "Mozilla/5.0 (Windows NT 10.0; Win64; x64) AppleWebKit/537.36 (KHTML, like Gecko) Chrome/80.0.3987.132 Safari/537.36"
::1 - - [06/Mar/2020:19:52:56 +0000] "GET /docs/swagger-ui.css HTTP/1.1" 304 - "http://localhost:8081/docs/" "Mozilla/5.0 (Windows NT 10.0; Win64; x64) AppleWebKit/537.36 (KHTML, like Gecko) Chrome/80.0.3987.132 Safari/537.36"
::1 - - [06/Mar/2020:19:52:56 +0000] "GET /docs/swagger-ui-bundle.js HTTP/1.1" 304 - "http://localhost:8081/docs/" "Mozilla/5.0 (Windows NT 10.0; Win64; x64) AppleWebKit/537.36 (KHTML, like Gecko) Chrome/80.0.3987.132 Safari/537.36"
::1 - - [06/Mar/2020:19:52:56 +0000] "GET /docs/swagger-ui-standalone-preset.js HTTP/1.1" 304 - "http://localhost:8081/docs/" "Mozilla/5.0 (Windows NT 10.0; Win64; x64) AppleWebKit/537.36 (KHTML, like Gecko) Chrome/80.0.3987.132 Safari/537.36"
::1 - - [06/Mar/2020:19:52:56 +0000] "GET /docs/swagger-ui-init.js HTTP/1.1" 200 - "http://localhost:8081/docs/" "Mozilla/5.0 (Windows NT 10.0; Win64; x64) AppleWebKit/537.36 (KHTML, like Gecko) Chrome/80.0.3987.132 Safari/537.36"
::1 - - [06/Mar/2020:19:52:57 +0000] "GET /docs/favicon-32x32.png HTTP/1.1" 304 - "http://localhost:8081/docs/" "Mozilla/5.0 (Windows NT 10.0; Win64; x64) AppleWebKit/537.36 (KHTML, like Gecko) Chrome/80.0.3987.132 Safari/537.36"
::1 - - [06/Mar/2020:19:52:57 +0000] "GET /docs/ HTTP/1.1" 304 - "-" "Mozilla/5.0 (Windows NT 10.0; Win64; x64) AppleWebKit/537.36 (KHTML, like Gecko) Chrome/80.0.3987.132 Safari/537.36"
::1 - - [06/Mar/2020:19:52:57 +0000] "GET /docs/swagger-ui-init.js HTTP/1.1" 304 - "http://localhost:8081/docs/" "Mozilla/5.0 (Windows NT 10.0; Win64; x64) AppleWebKit/537.36 (KHTML, like Gecko) Chrome/80.0.3987.132 Safari/537.36"
::1 - - [06/Mar/2020:19:52:57 +0000] "GET /docs/swagger-ui.css HTTP/1.1" 304 - "http://localhost:8081/docs/" "Mozilla/5.0 (Windows NT 10.0; Win64; x64) AppleWebKit/537.36 (KHTML, like Gecko) Chrome/80.0.3987.132 Safari/537.36"
::1 - - [06/Mar/2020:19:52:57 +0000] "GET /docs/swagger-ui-bundle.js HTTP/1.1" 304 - "http://localhost:8081/docs/" "Mozilla/5.0 (Windows NT 10.0; Win64; x64) AppleWebKit/537.36 (KHTML, like Gecko) Chrome/80.0.3987.132 Safari/537.36"
::1 - - [06/Mar/2020:19:52:57 +0000] "GET /docs/swagger-ui-standalone-preset.js HTTP/1.1" 304 - "http://localhost:8081/docs/" "Mozilla/5.0 (Windows NT 10.0; Win64; x64) AppleWebKit/537.36 (KHTML, like Gecko) Chrome/80.0.3987.132 Safari/537.36"
::1 - - [06/Mar/2020:19:52:58 +0000] "GET /docs/favicon-32x32.png HTTP/1.1" 304 - "http://localhost:8081/docs/" "Mozilla/5.0 (Windows NT 10.0; Win64; x64) AppleWebKit/537.36 (KHTML, like Gecko) Chrome/80.0.3987.132 Safari/537.36"
::1 - - [06/Mar/2020:19:52:58 +0000] "GET /docs/ HTTP/1.1" 304 - "-" "Mozilla/5.0 (Windows NT 10.0; Win64; x64) AppleWebKit/537.36 (KHTML, like Gecko) Chrome/80.0.3987.132 Safari/537.36"
::1 - - [06/Mar/2020:19:52:58 +0000] "GET /docs/swagger-ui.css HTTP/1.1" 304 - "http://localhost:8081/docs/" "Mozilla/5.0 (Windows NT 10.0; Win64; x64) AppleWebKit/537.36 (KHTML, like Gecko) Chrome/80.0.3987.132 Safari/537.36"
::1 - - [06/Mar/2020:19:52:58 +0000] "GET /docs/swagger-ui-bundle.js HTTP/1.1" 304 - "http://localhost:8081/docs/" "Mozilla/5.0 (Windows NT 10.0; Win64; x64) AppleWebKit/537.36 (KHTML, like Gecko) Chrome/80.0.3987.132 Safari/537.36"
::1 - - [06/Mar/2020:19:52:58 +0000] "GET /docs/swagger-ui-init.js HTTP/1.1" 304 - "http://localhost:8081/docs/" "Mozilla/5.0 (Windows NT 10.0; Win64; x64) AppleWebKit/537.36 (KHTML, like Gecko) Chrome/80.0.3987.132 Safari/537.36"
::1 - - [06/Mar/2020:19:52:58 +0000] "GET /docs/swagger-ui-standalone-preset.js HTTP/1.1" 304 - "http://localhost:8081/docs/" "Mozilla/5.0 (Windows NT 10.0; Win64; x64) AppleWebKit/537.36 (KHTML, like Gecko) Chrome/80.0.3987.132 Safari/537.36"
::1 - - [06/Mar/2020:19:52:58 +0000] "GET /docs/favicon-32x32.png HTTP/1.1" 304 - "http://localhost:8081/docs/" "Mozilla/5.0 (Windows NT 10.0; Win64; x64) AppleWebKit/537.36 (KHTML, like Gecko) Chrome/80.0.3987.132 Safari/537.36"
::1 - - [06/Mar/2020:19:55:00 +0000] "GET /docs/ HTTP/1.1" 304 - "-" "Mozilla/5.0 (Windows NT 10.0; Win64; x64) AppleWebKit/537.36 (KHTML, like Gecko) Chrome/80.0.3987.132 Safari/537.36"
::1 - - [06/Mar/2020:19:55:00 +0000] "GET /docs/swagger-ui.css HTTP/1.1" 304 - "http://localhost:8081/docs/" "Mozilla/5.0 (Windows NT 10.0; Win64; x64) AppleWebKit/537.36 (KHTML, like Gecko) Chrome/80.0.3987.132 Safari/537.36"
::1 - - [06/Mar/2020:19:55:00 +0000] "GET /docs/swagger-ui-bundle.js HTTP/1.1" 304 - "http://localhost:8081/docs/" "Mozilla/5.0 (Windows NT 10.0; Win64; x64) AppleWebKit/537.36 (KHTML, like Gecko) Chrome/80.0.3987.132 Safari/537.36"
::1 - - [06/Mar/2020:19:55:00 +0000] "GET /docs/swagger-ui-standalone-preset.js HTTP/1.1" 304 - "http://localhost:8081/docs/" "Mozilla/5.0 (Windows NT 10.0; Win64; x64) AppleWebKit/537.36 (KHTML, like Gecko) Chrome/80.0.3987.132 Safari/537.36"
::1 - - [06/Mar/2020:19:55:00 +0000] "GET /docs/swagger-ui-init.js HTTP/1.1" 200 - "http://localhost:8081/docs/" "Mozilla/5.0 (Windows NT 10.0; Win64; x64) AppleWebKit/537.36 (KHTML, like Gecko) Chrome/80.0.3987.132 Safari/537.36"
::1 - - [06/Mar/2020:19:55:01 +0000] "GET /docs/favicon-32x32.png HTTP/1.1" 200 628 "http://localhost:8081/docs/" "Mozilla/5.0 (Windows NT 10.0; Win64; x64) AppleWebKit/537.36 (KHTML, like Gecko) Chrome/80.0.3987.132 Safari/537.36"
::1 - - [06/Mar/2020:19:55:01 +0000] "GET /docs/ HTTP/1.1" 304 - "-" "Mozilla/5.0 (Windows NT 10.0; Win64; x64) AppleWebKit/537.36 (KHTML, like Gecko) Chrome/80.0.3987.132 Safari/537.36"
::1 - - [06/Mar/2020:19:55:01 +0000] "GET /docs/swagger-ui.css HTTP/1.1" 304 - "http://localhost:8081/docs/" "Mozilla/5.0 (Windows NT 10.0; Win64; x64) AppleWebKit/537.36 (KHTML, like Gecko) Chrome/80.0.3987.132 Safari/537.36"
::1 - - [06/Mar/2020:19:55:01 +0000] "GET /docs/swagger-ui-bundle.js HTTP/1.1" 304 - "http://localhost:8081/docs/" "Mozilla/5.0 (Windows NT 10.0; Win64; x64) AppleWebKit/537.36 (KHTML, like Gecko) Chrome/80.0.3987.132 Safari/537.36"
::1 - - [06/Mar/2020:19:55:01 +0000] "GET /docs/swagger-ui-init.js HTTP/1.1" 304 - "http://localhost:8081/docs/" "Mozilla/5.0 (Windows NT 10.0; Win64; x64) AppleWebKit/537.36 (KHTML, like Gecko) Chrome/80.0.3987.132 Safari/537.36"
::1 - - [06/Mar/2020:19:55:01 +0000] "GET /docs/swagger-ui-standalone-preset.js HTTP/1.1" 304 - "http://localhost:8081/docs/" "Mozilla/5.0 (Windows NT 10.0; Win64; x64) AppleWebKit/537.36 (KHTML, like Gecko) Chrome/80.0.3987.132 Safari/537.36"
::1 - - [06/Mar/2020:19:55:02 +0000] "GET /docs/favicon-32x32.png HTTP/1.1" 200 628 "http://localhost:8081/docs/" "Mozilla/5.0 (Windows NT 10.0; Win64; x64) AppleWebKit/537.36 (KHTML, like Gecko) Chrome/80.0.3987.132 Safari/537.36"
::1 - - [06/Mar/2020:19:55:02 +0000] "GET /docs/ HTTP/1.1" 304 - "-" "Mozilla/5.0 (Windows NT 10.0; Win64; x64) AppleWebKit/537.36 (KHTML, like Gecko) Chrome/80.0.3987.132 Safari/537.36"
::1 - - [06/Mar/2020:19:55:02 +0000] "GET /docs/swagger-ui-init.js HTTP/1.1" 304 - "http://localhost:8081/docs/" "Mozilla/5.0 (Windows NT 10.0; Win64; x64) AppleWebKit/537.36 (KHTML, like Gecko) Chrome/80.0.3987.132 Safari/537.36"
::1 - - [06/Mar/2020:19:55:02 +0000] "GET /docs/swagger-ui.css HTTP/1.1" 304 - "http://localhost:8081/docs/" "Mozilla/5.0 (Windows NT 10.0; Win64; x64) AppleWebKit/537.36 (KHTML, like Gecko) Chrome/80.0.3987.132 Safari/537.36"
::1 - - [06/Mar/2020:19:55:02 +0000] "GET /docs/swagger-ui-bundle.js HTTP/1.1" 304 - "http://localhost:8081/docs/" "Mozilla/5.0 (Windows NT 10.0; Win64; x64) AppleWebKit/537.36 (KHTML, like Gecko) Chrome/80.0.3987.132 Safari/537.36"
::1 - - [06/Mar/2020:19:55:02 +0000] "GET /docs/swagger-ui-standalone-preset.js HTTP/1.1" 304 - "http://localhost:8081/docs/" "Mozilla/5.0 (Windows NT 10.0; Win64; x64) AppleWebKit/537.36 (KHTML, like Gecko) Chrome/80.0.3987.132 Safari/537.36"
::1 - - [06/Mar/2020:19:55:02 +0000] "GET /docs/favicon-32x32.png HTTP/1.1" 200 628 "http://localhost:8081/docs/" "Mozilla/5.0 (Windows NT 10.0; Win64; x64) AppleWebKit/537.36 (KHTML, like Gecko) Chrome/80.0.3987.132 Safari/537.36"
::1 - - [06/Mar/2020:19:55:02 +0000] "GET /docs/ HTTP/1.1" 304 - "-" "Mozilla/5.0 (Windows NT 10.0; Win64; x64) AppleWebKit/537.36 (KHTML, like Gecko) Chrome/80.0.3987.132 Safari/537.36"
::1 - - [06/Mar/2020:19:55:02 +0000] "GET /docs/swagger-ui-init.js HTTP/1.1" 304 - "http://localhost:8081/docs/" "Mozilla/5.0 (Windows NT 10.0; Win64; x64) AppleWebKit/537.36 (KHTML, like Gecko) Chrome/80.0.3987.132 Safari/537.36"
::1 - - [06/Mar/2020:19:55:02 +0000] "GET /docs/swagger-ui.css HTTP/1.1" 304 - "http://localhost:8081/docs/" "Mozilla/5.0 (Windows NT 10.0; Win64; x64) AppleWebKit/537.36 (KHTML, like Gecko) Chrome/80.0.3987.132 Safari/537.36"
::1 - - [06/Mar/2020:19:55:02 +0000] "GET /docs/swagger-ui-bundle.js HTTP/1.1" 304 - "http://localhost:8081/docs/" "Mozilla/5.0 (Windows NT 10.0; Win64; x64) AppleWebKit/537.36 (KHTML, like Gecko) Chrome/80.0.3987.132 Safari/537.36"
::1 - - [06/Mar/2020:19:55:02 +0000] "GET /docs/swagger-ui-standalone-preset.js HTTP/1.1" 304 - "http://localhost:8081/docs/" "Mozilla/5.0 (Windows NT 10.0; Win64; x64) AppleWebKit/537.36 (KHTML, like Gecko) Chrome/80.0.3987.132 Safari/537.36"
::1 - - [06/Mar/2020:19:55:03 +0000] "GET /docs/favicon-32x32.png HTTP/1.1" 200 628 "http://localhost:8081/docs/" "Mozilla/5.0 (Windows NT 10.0; Win64; x64) AppleWebKit/537.36 (KHTML, like Gecko) Chrome/80.0.3987.132 Safari/537.36"
::1 - - [06/Mar/2020:19:55:03 +0000] "GET /docs/ HTTP/1.1" 304 - "-" "Mozilla/5.0 (Windows NT 10.0; Win64; x64) AppleWebKit/537.36 (KHTML, like Gecko) Chrome/80.0.3987.132 Safari/537.36"
::1 - - [06/Mar/2020:19:55:03 +0000] "GET /docs/swagger-ui-init.js HTTP/1.1" 304 - "http://localhost:8081/docs/" "Mozilla/5.0 (Windows NT 10.0; Win64; x64) AppleWebKit/537.36 (KHTML, like Gecko) Chrome/80.0.3987.132 Safari/537.36"
::1 - - [06/Mar/2020:19:55:03 +0000] "GET /docs/swagger-ui.css HTTP/1.1" 304 - "http://localhost:8081/docs/" "Mozilla/5.0 (Windows NT 10.0; Win64; x64) AppleWebKit/537.36 (KHTML, like Gecko) Chrome/80.0.3987.132 Safari/537.36"
::1 - - [06/Mar/2020:19:55:03 +0000] "GET /docs/swagger-ui-bundle.js HTTP/1.1" 304 - "http://localhost:8081/docs/" "Mozilla/5.0 (Windows NT 10.0; Win64; x64) AppleWebKit/537.36 (KHTML, like Gecko) Chrome/80.0.3987.132 Safari/537.36"
::1 - - [06/Mar/2020:19:55:03 +0000] "GET /docs/swagger-ui-standalone-preset.js HTTP/1.1" 304 - "http://localhost:8081/docs/" "Mozilla/5.0 (Windows NT 10.0; Win64; x64) AppleWebKit/537.36 (KHTML, like Gecko) Chrome/80.0.3987.132 Safari/537.36"
::1 - - [06/Mar/2020:19:55:03 +0000] "GET /docs/favicon-32x32.png HTTP/1.1" 200 628 "http://localhost:8081/docs/" "Mozilla/5.0 (Windows NT 10.0; Win64; x64) AppleWebKit/537.36 (KHTML, like Gecko) Chrome/80.0.3987.132 Safari/537.36"
::1 - - [06/Mar/2020:19:55:03 +0000] "GET /docs/ HTTP/1.1" 304 - "-" "Mozilla/5.0 (Windows NT 10.0; Win64; x64) AppleWebKit/537.36 (KHTML, like Gecko) Chrome/80.0.3987.132 Safari/537.36"
::1 - - [06/Mar/2020:19:55:03 +0000] "GET /docs/swagger-ui.css HTTP/1.1" 304 - "http://localhost:8081/docs/" "Mozilla/5.0 (Windows NT 10.0; Win64; x64) AppleWebKit/537.36 (KHTML, like Gecko) Chrome/80.0.3987.132 Safari/537.36"
::1 - - [06/Mar/2020:19:55:03 +0000] "GET /docs/swagger-ui-bundle.js HTTP/1.1" 304 - "http://localhost:8081/docs/" "Mozilla/5.0 (Windows NT 10.0; Win64; x64) AppleWebKit/537.36 (KHTML, like Gecko) Chrome/80.0.3987.132 Safari/537.36"
::1 - - [06/Mar/2020:19:55:03 +0000] "GET /docs/swagger-ui-init.js HTTP/1.1" 304 - "http://localhost:8081/docs/" "Mozilla/5.0 (Windows NT 10.0; Win64; x64) AppleWebKit/537.36 (KHTML, like Gecko) Chrome/80.0.3987.132 Safari/537.36"
::1 - - [06/Mar/2020:19:55:03 +0000] "GET /docs/swagger-ui-standalone-preset.js HTTP/1.1" 304 - "http://localhost:8081/docs/" "Mozilla/5.0 (Windows NT 10.0; Win64; x64) AppleWebKit/537.36 (KHTML, like Gecko) Chrome/80.0.3987.132 Safari/537.36"
::1 - - [06/Mar/2020:19:55:04 +0000] "GET /docs/favicon-32x32.png HTTP/1.1" 200 628 "http://localhost:8081/docs/" "Mozilla/5.0 (Windows NT 10.0; Win64; x64) AppleWebKit/537.36 (KHTML, like Gecko) Chrome/80.0.3987.132 Safari/537.36"
::1 - - [06/Mar/2020:19:55:04 +0000] "GET /docs/ HTTP/1.1" 304 - "-" "Mozilla/5.0 (Windows NT 10.0; Win64; x64) AppleWebKit/537.36 (KHTML, like Gecko) Chrome/80.0.3987.132 Safari/537.36"
::1 - - [06/Mar/2020:19:55:04 +0000] "GET /docs/swagger-ui-init.js HTTP/1.1" 304 - "http://localhost:8081/docs/" "Mozilla/5.0 (Windows NT 10.0; Win64; x64) AppleWebKit/537.36 (KHTML, like Gecko) Chrome/80.0.3987.132 Safari/537.36"
::1 - - [06/Mar/2020:19:55:04 +0000] "GET /docs/swagger-ui.css HTTP/1.1" 304 - "http://localhost:8081/docs/" "Mozilla/5.0 (Windows NT 10.0; Win64; x64) AppleWebKit/537.36 (KHTML, like Gecko) Chrome/80.0.3987.132 Safari/537.36"
::1 - - [06/Mar/2020:19:55:04 +0000] "GET /docs/swagger-ui-bundle.js HTTP/1.1" 304 - "http://localhost:8081/docs/" "Mozilla/5.0 (Windows NT 10.0; Win64; x64) AppleWebKit/537.36 (KHTML, like Gecko) Chrome/80.0.3987.132 Safari/537.36"
::1 - - [06/Mar/2020:19:55:04 +0000] "GET /docs/swagger-ui-standalone-preset.js HTTP/1.1" 304 - "http://localhost:8081/docs/" "Mozilla/5.0 (Windows NT 10.0; Win64; x64) AppleWebKit/537.36 (KHTML, like Gecko) Chrome/80.0.3987.132 Safari/537.36"
::1 - - [06/Mar/2020:19:55:04 +0000] "GET /docs/favicon-32x32.png HTTP/1.1" 200 628 "http://localhost:8081/docs/" "Mozilla/5.0 (Windows NT 10.0; Win64; x64) AppleWebKit/537.36 (KHTML, like Gecko) Chrome/80.0.3987.132 Safari/537.36"
::1 - - [06/Mar/2020:19:55:04 +0000] "GET /docs/ HTTP/1.1" 304 - "-" "Mozilla/5.0 (Windows NT 10.0; Win64; x64) AppleWebKit/537.36 (KHTML, like Gecko) Chrome/80.0.3987.132 Safari/537.36"
::1 - - [06/Mar/2020:19:55:04 +0000] "GET /docs/swagger-ui.css HTTP/1.1" 304 - "http://localhost:8081/docs/" "Mozilla/5.0 (Windows NT 10.0; Win64; x64) AppleWebKit/537.36 (KHTML, like Gecko) Chrome/80.0.3987.132 Safari/537.36"
::1 - - [06/Mar/2020:19:55:04 +0000] "GET /docs/swagger-ui-bundle.js HTTP/1.1" 304 - "http://localhost:8081/docs/" "Mozilla/5.0 (Windows NT 10.0; Win64; x64) AppleWebKit/537.36 (KHTML, like Gecko) Chrome/80.0.3987.132 Safari/537.36"
::1 - - [06/Mar/2020:19:55:04 +0000] "GET /docs/swagger-ui-init.js HTTP/1.1" 304 - "http://localhost:8081/docs/" "Mozilla/5.0 (Windows NT 10.0; Win64; x64) AppleWebKit/537.36 (KHTML, like Gecko) Chrome/80.0.3987.132 Safari/537.36"
::1 - - [06/Mar/2020:19:55:04 +0000] "GET /docs/swagger-ui-standalone-preset.js HTTP/1.1" 304 - "http://localhost:8081/docs/" "Mozilla/5.0 (Windows NT 10.0; Win64; x64) AppleWebKit/537.36 (KHTML, like Gecko) Chrome/80.0.3987.132 Safari/537.36"
::1 - - [06/Mar/2020:19:55:04 +0000] "GET /docs/favicon-32x32.png HTTP/1.1" 200 628 "http://localhost:8081/docs/" "Mozilla/5.0 (Windows NT 10.0; Win64; x64) AppleWebKit/537.36 (KHTML, like Gecko) Chrome/80.0.3987.132 Safari/537.36"
::1 - - [06/Mar/2020:19:55:05 +0000] "GET /docs/ HTTP/1.1" 304 - "-" "Mozilla/5.0 (Windows NT 10.0; Win64; x64) AppleWebKit/537.36 (KHTML, like Gecko) Chrome/80.0.3987.132 Safari/537.36"
::1 - - [06/Mar/2020:19:55:05 +0000] "GET /docs/swagger-ui.css HTTP/1.1" 304 - "http://localhost:8081/docs/" "Mozilla/5.0 (Windows NT 10.0; Win64; x64) AppleWebKit/537.36 (KHTML, like Gecko) Chrome/80.0.3987.132 Safari/537.36"
::1 - - [06/Mar/2020:19:55:05 +0000] "GET /docs/swagger-ui-bundle.js HTTP/1.1" 304 - "http://localhost:8081/docs/" "Mozilla/5.0 (Windows NT 10.0; Win64; x64) AppleWebKit/537.36 (KHTML, like Gecko) Chrome/80.0.3987.132 Safari/537.36"
::1 - - [06/Mar/2020:19:55:05 +0000] "GET /docs/swagger-ui-init.js HTTP/1.1" 304 - "http://localhost:8081/docs/" "Mozilla/5.0 (Windows NT 10.0; Win64; x64) AppleWebKit/537.36 (KHTML, like Gecko) Chrome/80.0.3987.132 Safari/537.36"
::1 - - [06/Mar/2020:19:55:05 +0000] "GET /docs/swagger-ui-standalone-preset.js HTTP/1.1" 304 - "http://localhost:8081/docs/" "Mozilla/5.0 (Windows NT 10.0; Win64; x64) AppleWebKit/537.36 (KHTML, like Gecko) Chrome/80.0.3987.132 Safari/537.36"
::1 - - [06/Mar/2020:19:55:05 +0000] "GET /docs/favicon-32x32.png HTTP/1.1" 200 628 "http://localhost:8081/docs/" "Mozilla/5.0 (Windows NT 10.0; Win64; x64) AppleWebKit/537.36 (KHTML, like Gecko) Chrome/80.0.3987.132 Safari/537.36"
::1 - - [06/Mar/2020:19:55:06 +0000] "GET /docs/ HTTP/1.1" 304 - "-" "Mozilla/5.0 (Windows NT 10.0; Win64; x64) AppleWebKit/537.36 (KHTML, like Gecko) Chrome/80.0.3987.132 Safari/537.36"
::1 - - [06/Mar/2020:19:55:06 +0000] "GET /docs/swagger-ui.css HTTP/1.1" 304 - "http://localhost:8081/docs/" "Mozilla/5.0 (Windows NT 10.0; Win64; x64) AppleWebKit/537.36 (KHTML, like Gecko) Chrome/80.0.3987.132 Safari/537.36"
::1 - - [06/Mar/2020:19:55:06 +0000] "GET /docs/swagger-ui-bundle.js HTTP/1.1" 304 - "http://localhost:8081/docs/" "Mozilla/5.0 (Windows NT 10.0; Win64; x64) AppleWebKit/537.36 (KHTML, like Gecko) Chrome/80.0.3987.132 Safari/537.36"
::1 - - [06/Mar/2020:19:55:06 +0000] "GET /docs/swagger-ui-standalone-preset.js HTTP/1.1" 304 - "http://localhost:8081/docs/" "Mozilla/5.0 (Windows NT 10.0; Win64; x64) AppleWebKit/537.36 (KHTML, like Gecko) Chrome/80.0.3987.132 Safari/537.36"
::1 - - [06/Mar/2020:19:55:06 +0000] "GET /docs/swagger-ui-init.js HTTP/1.1" 304 - "http://localhost:8081/docs/" "Mozilla/5.0 (Windows NT 10.0; Win64; x64) AppleWebKit/537.36 (KHTML, like Gecko) Chrome/80.0.3987.132 Safari/537.36"
::1 - - [06/Mar/2020:19:55:06 +0000] "GET /docs/ HTTP/1.1" 304 - "-" "Mozilla/5.0 (Windows NT 10.0; Win64; x64) AppleWebKit/537.36 (KHTML, like Gecko) Chrome/80.0.3987.132 Safari/537.36"
::1 - - [06/Mar/2020:19:55:06 +0000] "GET /docs/favicon-32x32.png HTTP/1.1" 200 628 "http://localhost:8081/docs/" "Mozilla/5.0 (Windows NT 10.0; Win64; x64) AppleWebKit/537.36 (KHTML, like Gecko) Chrome/80.0.3987.132 Safari/537.36"
::1 - - [06/Mar/2020:19:55:06 +0000] "GET /docs/swagger-ui-init.js HTTP/1.1" 304 - "http://localhost:8081/docs/" "Mozilla/5.0 (Windows NT 10.0; Win64; x64) AppleWebKit/537.36 (KHTML, like Gecko) Chrome/80.0.3987.132 Safari/537.36"
::1 - - [06/Mar/2020:19:55:06 +0000] "GET /docs/swagger-ui.css HTTP/1.1" 304 - "http://localhost:8081/docs/" "Mozilla/5.0 (Windows NT 10.0; Win64; x64) AppleWebKit/537.36 (KHTML, like Gecko) Chrome/80.0.3987.132 Safari/537.36"
::1 - - [06/Mar/2020:19:55:06 +0000] "GET /docs/swagger-ui-bundle.js HTTP/1.1" 304 - "http://localhost:8081/docs/" "Mozilla/5.0 (Windows NT 10.0; Win64; x64) AppleWebKit/537.36 (KHTML, like Gecko) Chrome/80.0.3987.132 Safari/537.36"
::1 - - [06/Mar/2020:19:55:06 +0000] "GET /docs/swagger-ui-standalone-preset.js HTTP/1.1" 304 - "http://localhost:8081/docs/" "Mozilla/5.0 (Windows NT 10.0; Win64; x64) AppleWebKit/537.36 (KHTML, like Gecko) Chrome/80.0.3987.132 Safari/537.36"
::1 - - [06/Mar/2020:19:55:06 +0000] "GET /docs/ HTTP/1.1" 304 - "-" "Mozilla/5.0 (Windows NT 10.0; Win64; x64) AppleWebKit/537.36 (KHTML, like Gecko) Chrome/80.0.3987.132 Safari/537.36"
::1 - - [06/Mar/2020:19:55:06 +0000] "GET /docs/swagger-ui-init.js HTTP/1.1" 304 - "http://localhost:8081/docs/" "Mozilla/5.0 (Windows NT 10.0; Win64; x64) AppleWebKit/537.36 (KHTML, like Gecko) Chrome/80.0.3987.132 Safari/537.36"
::1 - - [06/Mar/2020:19:55:06 +0000] "GET /docs/swagger-ui.css HTTP/1.1" 304 - "http://localhost:8081/docs/" "Mozilla/5.0 (Windows NT 10.0; Win64; x64) AppleWebKit/537.36 (KHTML, like Gecko) Chrome/80.0.3987.132 Safari/537.36"
::1 - - [06/Mar/2020:19:55:06 +0000] "GET /docs/swagger-ui-bundle.js HTTP/1.1" 304 - "http://localhost:8081/docs/" "Mozilla/5.0 (Windows NT 10.0; Win64; x64) AppleWebKit/537.36 (KHTML, like Gecko) Chrome/80.0.3987.132 Safari/537.36"
::1 - - [06/Mar/2020:19:55:06 +0000] "GET /docs/swagger-ui-standalone-preset.js HTTP/1.1" 304 - "http://localhost:8081/docs/" "Mozilla/5.0 (Windows NT 10.0; Win64; x64) AppleWebKit/537.36 (KHTML, like Gecko) Chrome/80.0.3987.132 Safari/537.36"
::1 - - [06/Mar/2020:19:55:06 +0000] "GET /docs/ HTTP/1.1" 304 - "-" "Mozilla/5.0 (Windows NT 10.0; Win64; x64) AppleWebKit/537.36 (KHTML, like Gecko) Chrome/80.0.3987.132 Safari/537.36"
::1 - - [06/Mar/2020:19:55:06 +0000] "GET /docs/swagger-ui.css HTTP/1.1" 304 - "http://localhost:8081/docs/" "Mozilla/5.0 (Windows NT 10.0; Win64; x64) AppleWebKit/537.36 (KHTML, like Gecko) Chrome/80.0.3987.132 Safari/537.36"
::1 - - [06/Mar/2020:19:55:06 +0000] "GET /docs/swagger-ui-bundle.js HTTP/1.1" 304 - "http://localhost:8081/docs/" "Mozilla/5.0 (Windows NT 10.0; Win64; x64) AppleWebKit/537.36 (KHTML, like Gecko) Chrome/80.0.3987.132 Safari/537.36"
::1 - - [06/Mar/2020:19:55:06 +0000] "GET /docs/swagger-ui-init.js HTTP/1.1" 304 - "http://localhost:8081/docs/" "Mozilla/5.0 (Windows NT 10.0; Win64; x64) AppleWebKit/537.36 (KHTML, like Gecko) Chrome/80.0.3987.132 Safari/537.36"
::1 - - [06/Mar/2020:19:55:06 +0000] "GET /docs/swagger-ui-standalone-preset.js HTTP/1.1" 304 - "http://localhost:8081/docs/" "Mozilla/5.0 (Windows NT 10.0; Win64; x64) AppleWebKit/537.36 (KHTML, like Gecko) Chrome/80.0.3987.132 Safari/537.36"
::1 - - [06/Mar/2020:19:55:06 +0000] "GET /docs/favicon-32x32.png HTTP/1.1" 200 628 "http://localhost:8081/docs/" "Mozilla/5.0 (Windows NT 10.0; Win64; x64) AppleWebKit/537.36 (KHTML, like Gecko) Chrome/80.0.3987.132 Safari/537.36"
::1 - - [06/Mar/2020:19:55:06 +0000] "GET /docs/ HTTP/1.1" 304 - "-" "Mozilla/5.0 (Windows NT 10.0; Win64; x64) AppleWebKit/537.36 (KHTML, like Gecko) Chrome/80.0.3987.132 Safari/537.36"
::1 - - [06/Mar/2020:19:55:06 +0000] "GET /docs/swagger-ui.css HTTP/1.1" 304 - "http://localhost:8081/docs/" "Mozilla/5.0 (Windows NT 10.0; Win64; x64) AppleWebKit/537.36 (KHTML, like Gecko) Chrome/80.0.3987.132 Safari/537.36"
::1 - - [06/Mar/2020:19:55:06 +0000] "GET /docs/swagger-ui-bundle.js HTTP/1.1" 304 - "http://localhost:8081/docs/" "Mozilla/5.0 (Windows NT 10.0; Win64; x64) AppleWebKit/537.36 (KHTML, like Gecko) Chrome/80.0.3987.132 Safari/537.36"
::1 - - [06/Mar/2020:19:55:06 +0000] "GET /docs/swagger-ui-init.js HTTP/1.1" 304 - "http://localhost:8081/docs/" "Mozilla/5.0 (Windows NT 10.0; Win64; x64) AppleWebKit/537.36 (KHTML, like Gecko) Chrome/80.0.3987.132 Safari/537.36"
::1 - - [06/Mar/2020:19:55:06 +0000] "GET /docs/swagger-ui-standalone-preset.js HTTP/1.1" 304 - "http://localhost:8081/docs/" "Mozilla/5.0 (Windows NT 10.0; Win64; x64) AppleWebKit/537.36 (KHTML, like Gecko) Chrome/80.0.3987.132 Safari/537.36"
::1 - - [06/Mar/2020:19:55:11 +0000] "GET /docs/ HTTP/1.1" 304 - "-" "Mozilla/5.0 (Windows NT 10.0; Win64; x64) AppleWebKit/537.36 (KHTML, like Gecko) Chrome/80.0.3987.132 Safari/537.36"
::1 - - [06/Mar/2020:19:55:12 +0000] "GET /docs/swagger-ui.css HTTP/1.1" 304 - "http://localhost:8081/docs/" "Mozilla/5.0 (Windows NT 10.0; Win64; x64) AppleWebKit/537.36 (KHTML, like Gecko) Chrome/80.0.3987.132 Safari/537.36"
::1 - - [06/Mar/2020:19:55:12 +0000] "GET /docs/swagger-ui-bundle.js HTTP/1.1" 304 - "http://localhost:8081/docs/" "Mozilla/5.0 (Windows NT 10.0; Win64; x64) AppleWebKit/537.36 (KHTML, like Gecko) Chrome/80.0.3987.132 Safari/537.36"
::1 - - [06/Mar/2020:19:55:12 +0000] "GET /docs/swagger-ui-standalone-preset.js HTTP/1.1" 304 - "http://localhost:8081/docs/" "Mozilla/5.0 (Windows NT 10.0; Win64; x64) AppleWebKit/537.36 (KHTML, like Gecko) Chrome/80.0.3987.132 Safari/537.36"
::1 - - [06/Mar/2020:19:55:12 +0000] "GET /docs/swagger-ui-init.js HTTP/1.1" 304 - "http://localhost:8081/docs/" "Mozilla/5.0 (Windows NT 10.0; Win64; x64) AppleWebKit/537.36 (KHTML, like Gecko) Chrome/80.0.3987.132 Safari/537.36"
::1 - - [06/Mar/2020:19:55:12 +0000] "GET /docs/favicon-32x32.png HTTP/1.1" 200 628 "http://localhost:8081/docs/" "Mozilla/5.0 (Windows NT 10.0; Win64; x64) AppleWebKit/537.36 (KHTML, like Gecko) Chrome/80.0.3987.132 Safari/537.36"
::1 - - [06/Mar/2020:19:55:12 +0000] "GET /docs/ HTTP/1.1" 304 - "-" "Mozilla/5.0 (Windows NT 10.0; Win64; x64) AppleWebKit/537.36 (KHTML, like Gecko) Chrome/80.0.3987.132 Safari/537.36"
::1 - - [06/Mar/2020:19:55:12 +0000] "GET /docs/swagger-ui-init.js HTTP/1.1" 304 - "http://localhost:8081/docs/" "Mozilla/5.0 (Windows NT 10.0; Win64; x64) AppleWebKit/537.36 (KHTML, like Gecko) Chrome/80.0.3987.132 Safari/537.36"
::1 - - [06/Mar/2020:19:55:12 +0000] "GET /docs/swagger-ui.css HTTP/1.1" 304 - "http://localhost:8081/docs/" "Mozilla/5.0 (Windows NT 10.0; Win64; x64) AppleWebKit/537.36 (KHTML, like Gecko) Chrome/80.0.3987.132 Safari/537.36"
::1 - - [06/Mar/2020:19:55:12 +0000] "GET /docs/swagger-ui-bundle.js HTTP/1.1" 304 - "http://localhost:8081/docs/" "Mozilla/5.0 (Windows NT 10.0; Win64; x64) AppleWebKit/537.36 (KHTML, like Gecko) Chrome/80.0.3987.132 Safari/537.36"
::1 - - [06/Mar/2020:19:55:12 +0000] "GET /docs/swagger-ui-standalone-preset.js HTTP/1.1" 304 - "http://localhost:8081/docs/" "Mozilla/5.0 (Windows NT 10.0; Win64; x64) AppleWebKit/537.36 (KHTML, like Gecko) Chrome/80.0.3987.132 Safari/537.36"
::1 - - [06/Mar/2020:19:55:12 +0000] "GET /docs/favicon-32x32.png HTTP/1.1" 200 628 "http://localhost:8081/docs/" "Mozilla/5.0 (Windows NT 10.0; Win64; x64) AppleWebKit/537.36 (KHTML, like Gecko) Chrome/80.0.3987.132 Safari/537.36"
::1 - - [06/Mar/2020:19:56:06 +0000] "GET /docs/ HTTP/1.1" 304 - "-" "Mozilla/5.0 (Windows NT 10.0; Win64; x64) AppleWebKit/537.36 (KHTML, like Gecko) Chrome/80.0.3987.132 Safari/537.36"
::1 - - [06/Mar/2020:19:56:07 +0000] "GET /docs/swagger-ui.css HTTP/1.1" 304 - "http://localhost:8081/docs/" "Mozilla/5.0 (Windows NT 10.0; Win64; x64) AppleWebKit/537.36 (KHTML, like Gecko) Chrome/80.0.3987.132 Safari/537.36"
::1 - - [06/Mar/2020:19:56:07 +0000] "GET /docs/swagger-ui-bundle.js HTTP/1.1" 304 - "http://localhost:8081/docs/" "Mozilla/5.0 (Windows NT 10.0; Win64; x64) AppleWebKit/537.36 (KHTML, like Gecko) Chrome/80.0.3987.132 Safari/537.36"
::1 - - [06/Mar/2020:19:56:07 +0000] "GET /docs/swagger-ui-standalone-preset.js HTTP/1.1" 304 - "http://localhost:8081/docs/" "Mozilla/5.0 (Windows NT 10.0; Win64; x64) AppleWebKit/537.36 (KHTML, like Gecko) Chrome/80.0.3987.132 Safari/537.36"
::1 - - [06/Mar/2020:19:56:07 +0000] "GET /docs/swagger-ui-init.js HTTP/1.1" 200 - "http://localhost:8081/docs/" "Mozilla/5.0 (Windows NT 10.0; Win64; x64) AppleWebKit/537.36 (KHTML, like Gecko) Chrome/80.0.3987.132 Safari/537.36"
::1 - - [06/Mar/2020:19:56:07 +0000] "GET /docs/favicon-32x32.png HTTP/1.1" 304 - "http://localhost:8081/docs/" "Mozilla/5.0 (Windows NT 10.0; Win64; x64) AppleWebKit/537.36 (KHTML, like Gecko) Chrome/80.0.3987.132 Safari/537.36"
::1 - - [06/Mar/2020:19:57:24 +0000] "GET /docs/ HTTP/1.1" 304 - "-" "Mozilla/5.0 (Windows NT 10.0; Win64; x64) AppleWebKit/537.36 (KHTML, like Gecko) Chrome/80.0.3987.132 Safari/537.36"
::1 - - [06/Mar/2020:19:57:24 +0000] "GET /docs/swagger-ui.css HTTP/1.1" 304 - "http://localhost:8081/docs/" "Mozilla/5.0 (Windows NT 10.0; Win64; x64) AppleWebKit/537.36 (KHTML, like Gecko) Chrome/80.0.3987.132 Safari/537.36"
::1 - - [06/Mar/2020:19:57:24 +0000] "GET /docs/swagger-ui-bundle.js HTTP/1.1" 304 - "http://localhost:8081/docs/" "Mozilla/5.0 (Windows NT 10.0; Win64; x64) AppleWebKit/537.36 (KHTML, like Gecko) Chrome/80.0.3987.132 Safari/537.36"
::1 - - [06/Mar/2020:19:57:24 +0000] "GET /docs/swagger-ui-standalone-preset.js HTTP/1.1" 304 - "http://localhost:8081/docs/" "Mozilla/5.0 (Windows NT 10.0; Win64; x64) AppleWebKit/537.36 (KHTML, like Gecko) Chrome/80.0.3987.132 Safari/537.36"
::1 - - [06/Mar/2020:19:57:24 +0000] "GET /docs/swagger-ui-init.js HTTP/1.1" 200 - "http://localhost:8081/docs/" "Mozilla/5.0 (Windows NT 10.0; Win64; x64) AppleWebKit/537.36 (KHTML, like Gecko) Chrome/80.0.3987.132 Safari/537.36"
::1 - - [06/Mar/2020:19:57:25 +0000] "GET /docs/favicon-32x32.png HTTP/1.1" 200 628 "http://localhost:8081/docs/" "Mozilla/5.0 (Windows NT 10.0; Win64; x64) AppleWebKit/537.36 (KHTML, like Gecko) Chrome/80.0.3987.132 Safari/537.36"
::1 - - [06/Mar/2020:19:57:38 +0000] "GET /docs/ HTTP/1.1" 304 - "-" "Mozilla/5.0 (Windows NT 10.0; Win64; x64) AppleWebKit/537.36 (KHTML, like Gecko) Chrome/80.0.3987.132 Safari/537.36"
::1 - - [06/Mar/2020:19:57:38 +0000] "GET /docs/swagger-ui.css HTTP/1.1" 304 - "http://localhost:8081/docs/" "Mozilla/5.0 (Windows NT 10.0; Win64; x64) AppleWebKit/537.36 (KHTML, like Gecko) Chrome/80.0.3987.132 Safari/537.36"
::1 - - [06/Mar/2020:19:57:38 +0000] "GET /docs/swagger-ui-bundle.js HTTP/1.1" 304 - "http://localhost:8081/docs/" "Mozilla/5.0 (Windows NT 10.0; Win64; x64) AppleWebKit/537.36 (KHTML, like Gecko) Chrome/80.0.3987.132 Safari/537.36"
::1 - - [06/Mar/2020:19:57:38 +0000] "GET /docs/swagger-ui-standalone-preset.js HTTP/1.1" 304 - "http://localhost:8081/docs/" "Mozilla/5.0 (Windows NT 10.0; Win64; x64) AppleWebKit/537.36 (KHTML, like Gecko) Chrome/80.0.3987.132 Safari/537.36"
::1 - - [06/Mar/2020:19:57:38 +0000] "GET /docs/swagger-ui-init.js HTTP/1.1" 200 - "http://localhost:8081/docs/" "Mozilla/5.0 (Windows NT 10.0; Win64; x64) AppleWebKit/537.36 (KHTML, like Gecko) Chrome/80.0.3987.132 Safari/537.36"
::1 - - [06/Mar/2020:19:57:38 +0000] "GET /docs/favicon-32x32.png HTTP/1.1" 200 628 "http://localhost:8081/docs/" "Mozilla/5.0 (Windows NT 10.0; Win64; x64) AppleWebKit/537.36 (KHTML, like Gecko) Chrome/80.0.3987.132 Safari/537.36"
::1 - - [06/Mar/2020:20:01:24 +0000] "GET /docs/ HTTP/1.1" 304 - "-" "Mozilla/5.0 (Windows NT 10.0; Win64; x64) AppleWebKit/537.36 (KHTML, like Gecko) Chrome/80.0.3987.132 Safari/537.36"
::1 - - [06/Mar/2020:20:01:24 +0000] "GET /docs/swagger-ui.css HTTP/1.1" 304 - "http://localhost:8081/docs/" "Mozilla/5.0 (Windows NT 10.0; Win64; x64) AppleWebKit/537.36 (KHTML, like Gecko) Chrome/80.0.3987.132 Safari/537.36"
::1 - - [06/Mar/2020:20:01:24 +0000] "GET /docs/swagger-ui-bundle.js HTTP/1.1" 304 - "http://localhost:8081/docs/" "Mozilla/5.0 (Windows NT 10.0; Win64; x64) AppleWebKit/537.36 (KHTML, like Gecko) Chrome/80.0.3987.132 Safari/537.36"
::ffff:127.0.0.1 - - [06/Mar/2020:20:01:24 +0000] "GET /docs/swagger-ui-standalone-preset.js HTTP/1.1" 304 - "http://localhost:8081/docs/" "Mozilla/5.0 (Windows NT 10.0; Win64; x64) AppleWebKit/537.36 (KHTML, like Gecko) Chrome/80.0.3987.132 Safari/537.36"
::1 - - [06/Mar/2020:20:01:24 +0000] "GET /docs/swagger-ui-init.js HTTP/1.1" 200 - "http://localhost:8081/docs/" "Mozilla/5.0 (Windows NT 10.0; Win64; x64) AppleWebKit/537.36 (KHTML, like Gecko) Chrome/80.0.3987.132 Safari/537.36"
::1 - - [06/Mar/2020:20:01:24 +0000] "GET /docs/favicon-32x32.png HTTP/1.1" 200 628 "http://localhost:8081/docs/" "Mozilla/5.0 (Windows NT 10.0; Win64; x64) AppleWebKit/537.36 (KHTML, like Gecko) Chrome/80.0.3987.132 Safari/537.36"
::1 - - [06/Mar/2020:20:05:00 +0000] "POST /hydrant HTTP/1.1" 400 55 "http://localhost:8081/docs/" "Mozilla/5.0 (Windows NT 10.0; Win64; x64) AppleWebKit/537.36 (KHTML, like Gecko) Chrome/80.0.3987.132 Safari/537.36"
::1 - - [06/Mar/2020:20:05:02 +0000] "POST /hydrant HTTP/1.1" 400 55 "http://localhost:8081/docs/" "Mozilla/5.0 (Windows NT 10.0; Win64; x64) AppleWebKit/537.36 (KHTML, like Gecko) Chrome/80.0.3987.132 Safari/537.36"
::1 - - [06/Mar/2020:20:05:22 +0000] "POST /hydrant HTTP/1.1" 201 440 "http://localhost:8081/docs/" "Mozilla/5.0 (Windows NT 10.0; Win64; x64) AppleWebKit/537.36 (KHTML, like Gecko) Chrome/80.0.3987.132 Safari/537.36"
::1 - - [06/Mar/2020:20:11:21 +0000] "GET /hydrant?hydrantId=5e62a1ce4af6925050952983 HTTP/1.1" 400 55 "-" "PostmanRuntime/7.22.0"
::1 - - [06/Mar/2020:20:13:10 +0000] "GET /hydrant?hydrantId=5e62a1ce4af6925050952983 HTTP/1.1" 400 55 "-" "PostmanRuntime/7.22.0"
::1 - - [06/Mar/2020:20:13:58 +0000] "GET /hydrant/5e62a1ce4af6925050952983 HTTP/1.1" 400 36 "-" "PostmanRuntime/7.22.0"
::1 - - [06/Mar/2020:20:14:23 +0000] "GET /hydrant/5e62a1ce4af6925050952983 HTTP/1.1" 200 627 "-" "PostmanRuntime/7.22.0"
::1 - - [06/Mar/2020:20:20:54 +0000] "GET /docs/ HTTP/1.1" 304 - "-" "Mozilla/5.0 (Windows NT 10.0; Win64; x64) AppleWebKit/537.36 (KHTML, like Gecko) Chrome/80.0.3987.132 Safari/537.36"
::1 - - [06/Mar/2020:20:20:54 +0000] "GET /docs/swagger-ui-init.js HTTP/1.1" 304 - "http://localhost:8081/docs/" "Mozilla/5.0 (Windows NT 10.0; Win64; x64) AppleWebKit/537.36 (KHTML, like Gecko) Chrome/80.0.3987.132 Safari/537.36"
::1 - - [06/Mar/2020:20:20:54 +0000] "GET /docs/swagger-ui.css HTTP/1.1" 304 - "http://localhost:8081/docs/" "Mozilla/5.0 (Windows NT 10.0; Win64; x64) AppleWebKit/537.36 (KHTML, like Gecko) Chrome/80.0.3987.132 Safari/537.36"
::1 - - [06/Mar/2020:20:20:54 +0000] "GET /docs/swagger-ui-bundle.js HTTP/1.1" 304 - "http://localhost:8081/docs/" "Mozilla/5.0 (Windows NT 10.0; Win64; x64) AppleWebKit/537.36 (KHTML, like Gecko) Chrome/80.0.3987.132 Safari/537.36"
::1 - - [06/Mar/2020:20:20:54 +0000] "GET /docs/swagger-ui-standalone-preset.js HTTP/1.1" 304 - "http://localhost:8081/docs/" "Mozilla/5.0 (Windows NT 10.0; Win64; x64) AppleWebKit/537.36 (KHTML, like Gecko) Chrome/80.0.3987.132 Safari/537.36"
::1 - - [06/Mar/2020:20:20:55 +0000] "GET /docs/favicon-32x32.png HTTP/1.1" 304 - "http://localhost:8081/docs/" "Mozilla/5.0 (Windows NT 10.0; Win64; x64) AppleWebKit/537.36 (KHTML, like Gecko) Chrome/80.0.3987.132 Safari/537.36"
::1 - - [06/Mar/2020:20:24:24 +0000] "GET /docs/ HTTP/1.1" 304 - "-" "Mozilla/5.0 (Windows NT 10.0; Win64; x64) AppleWebKit/537.36 (KHTML, like Gecko) Chrome/80.0.3987.132 Safari/537.36"
::1 - - [06/Mar/2020:20:24:24 +0000] "GET /docs/swagger-ui.css HTTP/1.1" 304 - "http://localhost:8081/docs/" "Mozilla/5.0 (Windows NT 10.0; Win64; x64) AppleWebKit/537.36 (KHTML, like Gecko) Chrome/80.0.3987.132 Safari/537.36"
::1 - - [06/Mar/2020:20:24:24 +0000] "GET /docs/swagger-ui-bundle.js HTTP/1.1" 304 - "http://localhost:8081/docs/" "Mozilla/5.0 (Windows NT 10.0; Win64; x64) AppleWebKit/537.36 (KHTML, like Gecko) Chrome/80.0.3987.132 Safari/537.36"
::1 - - [06/Mar/2020:20:24:24 +0000] "GET /docs/swagger-ui-standalone-preset.js HTTP/1.1" 304 - "http://localhost:8081/docs/" "Mozilla/5.0 (Windows NT 10.0; Win64; x64) AppleWebKit/537.36 (KHTML, like Gecko) Chrome/80.0.3987.132 Safari/537.36"
::1 - - [06/Mar/2020:20:24:24 +0000] "GET /docs/swagger-ui-init.js HTTP/1.1" 200 - "http://localhost:8081/docs/" "Mozilla/5.0 (Windows NT 10.0; Win64; x64) AppleWebKit/537.36 (KHTML, like Gecko) Chrome/80.0.3987.132 Safari/537.36"
::1 - - [06/Mar/2020:20:24:24 +0000] "GET /docs/favicon-32x32.png HTTP/1.1" 200 628 "http://localhost:8081/docs/" "Mozilla/5.0 (Windows NT 10.0; Win64; x64) AppleWebKit/537.36 (KHTML, like Gecko) Chrome/80.0.3987.132 Safari/537.36"
::1 - - [06/Mar/2020:20:26:26 +0000] "GET /docs/ HTTP/1.1" 304 - "-" "Mozilla/5.0 (Windows NT 10.0; Win64; x64) AppleWebKit/537.36 (KHTML, like Gecko) Chrome/80.0.3987.132 Safari/537.36"
::1 - - [06/Mar/2020:20:26:26 +0000] "GET /docs/swagger-ui.css HTTP/1.1" 304 - "http://localhost:8081/docs/" "Mozilla/5.0 (Windows NT 10.0; Win64; x64) AppleWebKit/537.36 (KHTML, like Gecko) Chrome/80.0.3987.132 Safari/537.36"
::1 - - [06/Mar/2020:20:26:26 +0000] "GET /docs/swagger-ui-bundle.js HTTP/1.1" 304 - "http://localhost:8081/docs/" "Mozilla/5.0 (Windows NT 10.0; Win64; x64) AppleWebKit/537.36 (KHTML, like Gecko) Chrome/80.0.3987.132 Safari/537.36"
::1 - - [06/Mar/2020:20:26:26 +0000] "GET /docs/swagger-ui-standalone-preset.js HTTP/1.1" 304 - "http://localhost:8081/docs/" "Mozilla/5.0 (Windows NT 10.0; Win64; x64) AppleWebKit/537.36 (KHTML, like Gecko) Chrome/80.0.3987.132 Safari/537.36"
::1 - - [06/Mar/2020:20:26:26 +0000] "GET /docs/swagger-ui-init.js HTTP/1.1" 200 - "http://localhost:8081/docs/" "Mozilla/5.0 (Windows NT 10.0; Win64; x64) AppleWebKit/537.36 (KHTML, like Gecko) Chrome/80.0.3987.132 Safari/537.36"
::1 - - [06/Mar/2020:20:26:27 +0000] "GET /docs/favicon-32x32.png HTTP/1.1" 200 628 "http://localhost:8081/docs/" "Mozilla/5.0 (Windows NT 10.0; Win64; x64) AppleWebKit/537.36 (KHTML, like Gecko) Chrome/80.0.3987.132 Safari/537.36"
